2024-07-13 16:19:19: == Sync Started by User Command
2024-07-13 16:19:19: ConnectCloned connected to file:///H:/dernSol
2024-07-13 16:19:19: ConnectCloned connected to file:///H:/dernSol
2024-07-13 16:19:19: ConnectCloned connected to file:///H:/dernSol
2024-07-13 16:19:19: ConnectCloned connected to file:///~roadn/OneDrive/Python_bakup/dernSol
2024-07-13 16:19:19: ConnectCloned connected to file:///~roadn/OneDrive/Python_bakup/dernSol
2024-07-13 16:19:19: ConnectCloned connected to file:///~roadn/OneDrive/Python_bakup/dernSol
2024-07-13 16:19:19: Nouvelle Copie 'H:/dernSol/01_Archiv_dernSol/Les calques avec Photoshop.html' -> 'C:/Users/roadn/OneDrive/Python_bakup/dernSol/01_Archiv_dernSol/Les calques avec Photoshop.html' (5,640)
2024-07-13 16:19:19: Nouvelle Copie 'H:/dernSol/01_Archiv_dernSol/Modèle OK avec pre.html' -> 'C:/Users/roadn/OneDrive/Python_bakup/dernSol/01_Archiv_dernSol/Modèle OK avec pre.html' (3,476)
2024-07-13 16:19:19: > Nouvelle Copie 'H:/dernSol/01_Archiv_dernSol/sqlite-dll-win-x64-3440200.zip' -> 'C:/Users/roadn/OneDrive/Python_bakup/dernSol/01_Archiv_dernSol/sqlite-dll-win-x64-3440200.zip' (1,297,761)
2024-07-13 16:19:19: < Nouvelle Copie 'H:/dernSol/01_Archiv_dernSol/sqlite-dll-win-x64-3440200.zip' -> 'C:/Users/roadn/OneDrive/Python_bakup/dernSol/01_Archiv_dernSol/sqlite-dll-win-x64-3440200.zip' (1,297,761)
2024-07-13 16:19:19: Nouvelle Copie 'H:/dernSol/01_Archiv_dernSol/SQLite3 vers postgrsQL.html' -> 'C:/Users/roadn/OneDrive/Python_bakup/dernSol/01_Archiv_dernSol/SQLite3 vers postgrsQL.html' (6,057)
2024-07-13 16:19:19: Ecrasement 'H:/dernSol/.git/index' -> 'C:/Users/roadn/OneDrive/Python_bakup/dernSol/.git/index' (13,464)
2024-07-13 16:19:19: Ecrasement 'H:/dernSol/.git/COMMIT_EDITMSG' -> 'C:/Users/roadn/OneDrive/Python_bakup/dernSol/.git/COMMIT_EDITMSG' (467)
2024-07-13 16:19:19: Ecrasement 'H:/dernSol/.idea/workspace.xml' -> 'C:/Users/roadn/OneDrive/Python_bakup/dernSol/.idea/workspace.xml' (36,736)
2024-07-13 16:19:19: Création du dossier C:/Users/roadn/OneDrive/Python_bakup/dernSol/.git/objects/04
2024-07-13 16:19:19: Création du dossier C:/Users/roadn/OneDrive/Python_bakup/dernSol/.git/objects/06
2024-07-13 16:19:19: Nouvelle Copie 'H:/dernSol/.git/objects/02/2b45ac1e44666dbe8a96b7b721b1031911b85a' -> 'C:/Users/roadn/OneDrive/Python_bakup/dernSol/.git/objects/02/2b45ac1e44666dbe8a96b7b721b1031911b85a' (374)
2024-07-13 16:19:20: Nouvelle Copie 'H:/dernSol/.git/objects/04/d8435e901ffaa551c6ad010dafcd3bca6e634b' -> 'C:/Users/roadn/OneDrive/Python_bakup/dernSol/.git/objects/04/d8435e901ffaa551c6ad010dafcd3bca6e634b' (660)
2024-07-13 16:19:20: Nouvelle Copie 'H:/dernSol/.git/objects/06/0caddd7c69c48b3707ba94a60dbbcdc1b157cb' -> 'C:/Users/roadn/OneDrive/Python_bakup/dernSol/.git/objects/06/0caddd7c69c48b3707ba94a60dbbcdc1b157cb' (320)
2024-07-13 16:19:20: Création du dossier C:/Users/roadn/OneDrive/Python_bakup/dernSol/.git/objects/0b
2024-07-13 16:19:20: Nouvelle Copie 'H:/dernSol/.git/objects/12/59a71fbb0fbe5562c6611c0a57c9749f1c7bd4' -> 'C:/Users/roadn/OneDrive/Python_bakup/dernSol/.git/objects/12/59a71fbb0fbe5562c6611c0a57c9749f1c7bd4' (455)
2024-07-13 16:19:20: Nouvelle Copie 'H:/dernSol/.git/objects/14/648e295772fc93e5f75587f065b01a3dd435f3' -> 'C:/Users/roadn/OneDrive/Python_bakup/dernSol/.git/objects/14/648e295772fc93e5f75587f065b01a3dd435f3' (46)
2024-07-13 16:19:20: Nouvelle Copie 'H:/dernSol/.git/objects/0b/3f7ff29d5de6d7907f75b5ee7136e335a9974b' -> 'C:/Users/roadn/OneDrive/Python_bakup/dernSol/.git/objects/0b/3f7ff29d5de6d7907f75b5ee7136e335a9974b' (455)
2024-07-13 16:19:20: Ecrasement 'H:/dernSol/.git/logs/HEAD' -> 'C:/Users/roadn/OneDrive/Python_bakup/dernSol/.git/logs/HEAD' (4,186)
2024-07-13 16:19:20: Nouvelle Copie 'H:/dernSol/.git/objects/14/a62a62d7edaa4e557c5c336f4d0faecb1b6efb' -> 'C:/Users/roadn/OneDrive/Python_bakup/dernSol/.git/objects/14/a62a62d7edaa4e557c5c336f4d0faecb1b6efb' (897)
2024-07-13 16:19:20: Nouvelle Copie 'H:/dernSol/.git/objects/17/5a4772bbb48dce9b5b9a080cbb8c4675251db5' -> 'C:/Users/roadn/OneDrive/Python_bakup/dernSol/.git/objects/17/5a4772bbb48dce9b5b9a080cbb8c4675251db5' (1,522)
2024-07-13 16:19:20: Création du dossier C:/Users/roadn/OneDrive/Python_bakup/dernSol/.git/objects/23
2024-07-13 16:19:20: Nouvelle Copie 'H:/dernSol/.git/objects/1e/2fe561166fc7a6abe23da16bf5e07830c3ca8e' -> 'C:/Users/roadn/OneDrive/Python_bakup/dernSol/.git/objects/1e/2fe561166fc7a6abe23da16bf5e07830c3ca8e' (455)
2024-07-13 16:19:20: Création du dossier C:/Users/roadn/OneDrive/Python_bakup/dernSol/.git/objects/26
2024-07-13 16:19:20: Nouvelle Copie 'H:/dernSol/.git/objects/23/0148c2e130e271a50b66fd6bf842186ccba01c' -> 'C:/Users/roadn/OneDrive/Python_bakup/dernSol/.git/objects/23/0148c2e130e271a50b66fd6bf842186ccba01c' (303)
2024-07-13 16:19:20: Nouvelle Copie 'H:/dernSol/.git/objects/22/927dc292b3e17cad1d854253e25328d476f31a' -> 'C:/Users/roadn/OneDrive/Python_bakup/dernSol/.git/objects/22/927dc292b3e17cad1d854253e25328d476f31a' (409)
2024-07-13 16:19:20: > Nouvelle Copie 'H:/dernSol/.git/objects/2c/97098a37212eb0798d82e619d72a50a36c9f5d' -> 'C:/Users/roadn/OneDrive/Python_bakup/dernSol/.git/objects/2c/97098a37212eb0798d82e619d72a50a36c9f5d' (1,297,127)
2024-07-13 16:19:20: Nouvelle Copie 'H:/dernSol/.git/objects/26/54dfa76ccd56fd07c84b0b8e933eb8facf15d3' -> 'C:/Users/roadn/OneDrive/Python_bakup/dernSol/.git/objects/26/54dfa76ccd56fd07c84b0b8e933eb8facf15d3' (491)
2024-07-13 16:19:20: Création du dossier C:/Users/roadn/OneDrive/Python_bakup/dernSol/.git/objects/30
2024-07-13 16:19:20: Création du dossier C:/Users/roadn/OneDrive/Python_bakup/dernSol/.git/objects/32
2024-07-13 16:19:20: Nouvelle Copie 'H:/dernSol/.git/objects/2c/695db4f0ed583a84e0c463328a760defc952b8' -> 'C:/Users/roadn/OneDrive/Python_bakup/dernSol/.git/objects/2c/695db4f0ed583a84e0c463328a760defc952b8' (341)
2024-07-13 16:19:20: < Nouvelle Copie 'H:/dernSol/.git/objects/2c/97098a37212eb0798d82e619d72a50a36c9f5d' -> 'C:/Users/roadn/OneDrive/Python_bakup/dernSol/.git/objects/2c/97098a37212eb0798d82e619d72a50a36c9f5d' (1,297,127)
2024-07-13 16:19:20: Nouvelle Copie 'H:/dernSol/.git/objects/30/5cb11b1e8a0e975695e402c6ff2353db9ac323' -> 'C:/Users/roadn/OneDrive/Python_bakup/dernSol/.git/objects/30/5cb11b1e8a0e975695e402c6ff2353db9ac323' (211)
2024-07-13 16:19:20: Nouvelle Copie 'H:/dernSol/.git/objects/32/0d77810248661701f39259583653711c985788' -> 'C:/Users/roadn/OneDrive/Python_bakup/dernSol/.git/objects/32/0d77810248661701f39259583653711c985788' (587)
2024-07-13 16:19:20: Nouvelle Copie 'H:/dernSol/.git/objects/30/e62f641215ce5c2e159257434992dd25e16488' -> 'C:/Users/roadn/OneDrive/Python_bakup/dernSol/.git/objects/30/e62f641215ce5c2e159257434992dd25e16488' (93)
2024-07-13 16:19:20: Nouvelle Copie 'H:/dernSol/.git/objects/39/2d7e635e71a54918d1675410e2a3a63930bede' -> 'C:/Users/roadn/OneDrive/Python_bakup/dernSol/.git/objects/39/2d7e635e71a54918d1675410e2a3a63930bede' (562)
2024-07-13 16:19:20: Nouvelle Copie 'H:/dernSol/.git/objects/3b/14a07adef19a988569e639b2968b32794b02ba' -> 'C:/Users/roadn/OneDrive/Python_bakup/dernSol/.git/objects/3b/14a07adef19a988569e639b2968b32794b02ba' (93)
2024-07-13 16:19:20: Nouvelle Copie 'H:/dernSol/.git/objects/3e/9e3521057f516a0b3bea080d0e7443aa4d7abf' -> 'C:/Users/roadn/OneDrive/Python_bakup/dernSol/.git/objects/3e/9e3521057f516a0b3bea080d0e7443aa4d7abf' (843)
2024-07-13 16:19:20: Création du dossier C:/Users/roadn/OneDrive/Python_bakup/dernSol/.git/objects/44
2024-07-13 16:19:20: Création du dossier C:/Users/roadn/OneDrive/Python_bakup/dernSol/.git/objects/47
2024-07-13 16:19:20: Nouvelle Copie 'H:/dernSol/.git/objects/41/50b293de3b20e06cd1fac41682f9ad08851596' -> 'C:/Users/roadn/OneDrive/Python_bakup/dernSol/.git/objects/41/50b293de3b20e06cd1fac41682f9ad08851596' (198,785)
2024-07-13 16:19:20: Nouvelle Copie 'H:/dernSol/.git/objects/44/4a44b611eea2042cbca781b19bf5a1a77cdf28' -> 'C:/Users/roadn/OneDrive/Python_bakup/dernSol/.git/objects/44/4a44b611eea2042cbca781b19bf5a1a77cdf28' (46)
2024-07-13 16:19:20: Nouvelle Copie 'H:/dernSol/.git/objects/45/6795e3a2cc5e12e7b19ba6e48f6efacf2117d7' -> 'C:/Users/roadn/OneDrive/Python_bakup/dernSol/.git/objects/45/6795e3a2cc5e12e7b19ba6e48f6efacf2117d7' (46)
2024-07-13 16:19:20: Création du dossier C:/Users/roadn/OneDrive/Python_bakup/dernSol/.git/objects/49
2024-07-13 16:19:21: Nouvelle Copie 'H:/dernSol/.git/objects/47/43fe2eb5d1e5f35ac58e581fda9b37a4d53aa3' -> 'C:/Users/roadn/OneDrive/Python_bakup/dernSol/.git/objects/47/43fe2eb5d1e5f35ac58e581fda9b37a4d53aa3' (487)
2024-07-13 16:19:21: Nouvelle Copie 'H:/dernSol/.git/objects/48/aed86be26299dfcd1ef00ee2e1ec49ddeea5a0' -> 'C:/Users/roadn/OneDrive/Python_bakup/dernSol/.git/objects/48/aed86be26299dfcd1ef00ee2e1ec49ddeea5a0' (456)
2024-07-13 16:19:21: Nouvelle Copie 'H:/dernSol/.git/objects/48/afa042bdbf70a690e4d67526fc32d3e646ec0b' -> 'C:/Users/roadn/OneDrive/Python_bakup/dernSol/.git/objects/48/afa042bdbf70a690e4d67526fc32d3e646ec0b' (409)
2024-07-13 16:19:21: Nouvelle Copie 'H:/dernSol/.git/objects/49/6cefb271e01cfeb519d7cf81916c2c511b73ab' -> 'C:/Users/roadn/OneDrive/Python_bakup/dernSol/.git/objects/49/6cefb271e01cfeb519d7cf81916c2c511b73ab' (210)
2024-07-13 16:19:21: Nouvelle Copie 'H:/dernSol/.git/objects/4b/dcfcb8ddf83909b37899b4a6cd01cf0932ea69' -> 'C:/Users/roadn/OneDrive/Python_bakup/dernSol/.git/objects/4b/dcfcb8ddf83909b37899b4a6cd01cf0932ea69' (117)
2024-07-13 16:19:21: Nouvelle Copie 'H:/dernSol/.git/objects/49/d3df3e4d71e65b572bdc7467ff06d3394fb4ac' -> 'C:/Users/roadn/OneDrive/Python_bakup/dernSol/.git/objects/49/d3df3e4d71e65b572bdc7467ff06d3394fb4ac' (9,548)
2024-07-13 16:19:21: Nouvelle Copie 'H:/dernSol/.git/objects/4c/f7f76a0947f00a89d670bff0129bbae8b4e5ae' -> 'C:/Users/roadn/OneDrive/Python_bakup/dernSol/.git/objects/4c/f7f76a0947f00a89d670bff0129bbae8b4e5ae' (98)
2024-07-13 16:19:21: Nouvelle Copie 'H:/dernSol/.git/objects/4e/8b91cf5b27adc5ac73304972825db15e3365a3' -> 'C:/Users/roadn/OneDrive/Python_bakup/dernSol/.git/objects/4e/8b91cf5b27adc5ac73304972825db15e3365a3' (212)
2024-07-13 16:19:21: Nouvelle Copie 'H:/dernSol/.git/objects/4d/0c52649b2fe558374e0b3cae59f6bfa60fe90f' -> 'C:/Users/roadn/OneDrive/Python_bakup/dernSol/.git/objects/4d/0c52649b2fe558374e0b3cae59f6bfa60fe90f' (1,263)
2024-07-13 16:19:21: Nouvelle Copie 'H:/dernSol/.git/objects/51/e70e4ff975c0028ee69d9e44c9031ede98fbac' -> 'C:/Users/roadn/OneDrive/Python_bakup/dernSol/.git/objects/51/e70e4ff975c0028ee69d9e44c9031ede98fbac' (2,520)
2024-07-13 16:19:21: Création du dossier C:/Users/roadn/OneDrive/Python_bakup/dernSol/.git/objects/57
2024-07-13 16:19:21: Création du dossier C:/Users/roadn/OneDrive/Python_bakup/dernSol/.git/objects/5b
2024-07-13 16:19:21: Création du dossier C:/Users/roadn/OneDrive/Python_bakup/dernSol/.git/objects/5f
2024-07-13 16:19:21: Nouvelle Copie 'H:/dernSol/.git/objects/57/f577442ab576baaf9e4d5202ff208624621505' -> 'C:/Users/roadn/OneDrive/Python_bakup/dernSol/.git/objects/57/f577442ab576baaf9e4d5202ff208624621505' (345)
2024-07-13 16:19:21: Nouvelle Copie 'H:/dernSol/.git/objects/5b/b77215a0e03a564dcddda9345f6670eff6801e' -> 'C:/Users/roadn/OneDrive/Python_bakup/dernSol/.git/objects/5b/b77215a0e03a564dcddda9345f6670eff6801e' (545)
2024-07-13 16:19:21: Nouvelle Copie 'H:/dernSol/.git/objects/5f/0764591d47852b830913d99e4cefe130414bf5' -> 'C:/Users/roadn/OneDrive/Python_bakup/dernSol/.git/objects/5f/0764591d47852b830913d99e4cefe130414bf5' (562)
2024-07-13 16:19:21: Nouvelle Copie 'H:/dernSol/.git/objects/67/8110555cd24b4275a88d7de845624f10625fa7' -> 'C:/Users/roadn/OneDrive/Python_bakup/dernSol/.git/objects/67/8110555cd24b4275a88d7de845624f10625fa7' (281)
2024-07-13 16:19:21: Nouvelle Copie 'H:/dernSol/.git/objects/62/bc87e9af31f1acd35cd708e60156fdeb135feb' -> 'C:/Users/roadn/OneDrive/Python_bakup/dernSol/.git/objects/62/bc87e9af31f1acd35cd708e60156fdeb135feb' (46)
2024-07-13 16:19:21: Nouvelle Copie 'H:/dernSol/.git/objects/63/155d6101cad1846607d95442eaf822083030a0' -> 'C:/Users/roadn/OneDrive/Python_bakup/dernSol/.git/objects/63/155d6101cad1846607d95442eaf822083030a0' (98)
2024-07-13 16:19:21: Ecrasement 'H:/dernSol/.git/objects/60/90fd1a110d13d4f8a0310e1685d4a966c6a80a' -> 'C:/Users/roadn/OneDrive/Python_bakup/dernSol/.git/objects/60/90fd1a110d13d4f8a0310e1685d4a966c6a80a' (55)
2024-07-13 16:19:21: Nouvelle Copie 'H:/dernSol/.git/objects/68/b97f8d98fb722c1d4edfab84a1df8c5cce1943' -> 'C:/Users/roadn/OneDrive/Python_bakup/dernSol/.git/objects/68/b97f8d98fb722c1d4edfab84a1df8c5cce1943' (198,172)
2024-07-13 16:19:21: Création du dossier C:/Users/roadn/OneDrive/Python_bakup/dernSol/.git/objects/6a
2024-07-13 16:19:21: Nouvelle Copie 'H:/dernSol/.git/objects/69/0d6ceef7c04e8bc9f9a10513a2c9c4712f0321' -> 'C:/Users/roadn/OneDrive/Python_bakup/dernSol/.git/objects/69/0d6ceef7c04e8bc9f9a10513a2c9c4712f0321' (416)
2024-07-13 16:19:21: Nouvelle Copie 'H:/dernSol/.git/objects/6a/1fc7ce271295085a4a1d34a61664ee8efa4e86' -> 'C:/Users/roadn/OneDrive/Python_bakup/dernSol/.git/objects/6a/1fc7ce271295085a4a1d34a61664ee8efa4e86' (1,469)
2024-07-13 16:19:21: Nouvelle Copie 'H:/dernSol/.git/objects/6a/500502ce969108976796c3fe89fd9b61357356' -> 'C:/Users/roadn/OneDrive/Python_bakup/dernSol/.git/objects/6a/500502ce969108976796c3fe89fd9b61357356' (347)
2024-07-13 16:19:22: Nouvelle Copie 'H:/dernSol/.git/objects/6a/6de52fc9fa05f6f771eaf48c7de2ca0b9ab39f' -> 'C:/Users/roadn/OneDrive/Python_bakup/dernSol/.git/objects/6a/6de52fc9fa05f6f771eaf48c7de2ca0b9ab39f' (9,795)
2024-07-13 16:19:22: Nouvelle Copie 'H:/dernSol/.git/objects/71/dc0eba68dcf0ed63f3ccf770bad134697187a3' -> 'C:/Users/roadn/OneDrive/Python_bakup/dernSol/.git/objects/71/dc0eba68dcf0ed63f3ccf770bad134697187a3' (1,124)
2024-07-13 16:19:22: Nouvelle Copie 'H:/dernSol/.git/objects/71/82665bc29baa80e7b6c9230c2da2230e90fff5' -> 'C:/Users/roadn/OneDrive/Python_bakup/dernSol/.git/objects/71/82665bc29baa80e7b6c9230c2da2230e90fff5' (1,073)
2024-07-13 16:19:22: Nouvelle Copie 'H:/dernSol/.git/objects/7d/27cc1ee987b977c02d3e4a62faeaeafda67dac' -> 'C:/Users/roadn/OneDrive/Python_bakup/dernSol/.git/objects/7d/27cc1ee987b977c02d3e4a62faeaeafda67dac' (415)
2024-07-13 16:19:22: Nouvelle Copie 'H:/dernSol/.git/objects/74/008d070e7d615343f28b5c4b882ceda6971a7a' -> 'C:/Users/roadn/OneDrive/Python_bakup/dernSol/.git/objects/74/008d070e7d615343f28b5c4b882ceda6971a7a' (609)
2024-07-13 16:19:22: Nouvelle Copie 'H:/dernSol/.git/objects/73/c88163e4df88862055c1779411bc65e9c15f5e' -> 'C:/Users/roadn/OneDrive/Python_bakup/dernSol/.git/objects/73/c88163e4df88862055c1779411bc65e9c15f5e' (1,076)
2024-07-13 16:19:22: Nouvelle Copie 'H:/dernSol/.git/objects/7d/ab2091c849aaccf7d6604796549e487964d549' -> 'C:/Users/roadn/OneDrive/Python_bakup/dernSol/.git/objects/7d/ab2091c849aaccf7d6604796549e487964d549' (211)
2024-07-13 16:19:22: Nouvelle Copie 'H:/dernSol/.git/objects/74/eb4f8a28bbd884c728d446fa99fd57ee042fd0' -> 'C:/Users/roadn/OneDrive/Python_bakup/dernSol/.git/objects/74/eb4f8a28bbd884c728d446fa99fd57ee042fd0' (414)
2024-07-13 16:19:22: Création du dossier C:/Users/roadn/OneDrive/Python_bakup/dernSol/.git/objects/80
2024-07-13 16:19:22: Création du dossier C:/Users/roadn/OneDrive/Python_bakup/dernSol/.git/objects/90
2024-07-13 16:19:22: Nouvelle Copie 'H:/dernSol/.git/objects/83/3b7645163e1c89e55a0db9e94388f0ba6853de' -> 'C:/Users/roadn/OneDrive/Python_bakup/dernSol/.git/objects/83/3b7645163e1c89e55a0db9e94388f0ba6853de' (46)
2024-07-13 16:19:22: Nouvelle Copie 'H:/dernSol/.git/objects/89/523f5e750a545a82e1edf6d93c3d8f5a1fbc98' -> 'C:/Users/roadn/OneDrive/Python_bakup/dernSol/.git/objects/89/523f5e750a545a82e1edf6d93c3d8f5a1fbc98' (415)
2024-07-13 16:19:22: Nouvelle Copie 'H:/dernSol/.git/objects/80/22616434488f5b65cc1eaab5623b44073d4cec' -> 'C:/Users/roadn/OneDrive/Python_bakup/dernSol/.git/objects/80/22616434488f5b65cc1eaab5623b44073d4cec' (415)
2024-07-13 16:19:22: Création du dossier C:/Users/roadn/OneDrive/Python_bakup/dernSol/.git/objects/93
2024-07-13 16:19:22: Nouvelle Copie 'H:/dernSol/.git/objects/90/0d0c0f4bd766b8bf7d9f32d3a4c973080784a3' -> 'C:/Users/roadn/OneDrive/Python_bakup/dernSol/.git/objects/90/0d0c0f4bd766b8bf7d9f32d3a4c973080784a3' (2,006)
2024-07-13 16:19:22: Nouvelle Copie 'H:/dernSol/.git/objects/90/37de79f038360d98c729f7927f697036168d0a' -> 'C:/Users/roadn/OneDrive/Python_bakup/dernSol/.git/objects/90/37de79f038360d98c729f7927f697036168d0a' (342)
2024-07-13 16:19:22: Nouvelle Copie 'H:/dernSol/.git/objects/91/ea92d3c5a455e451b3a6267209d536718447c8' -> 'C:/Users/roadn/OneDrive/Python_bakup/dernSol/.git/objects/91/ea92d3c5a455e451b3a6267209d536718447c8' (409)
2024-07-13 16:19:22: Nouvelle Copie 'H:/dernSol/.git/objects/93/56edffa2ab871441c3ee986a395a4aaa6f202d' -> 'C:/Users/roadn/OneDrive/Python_bakup/dernSol/.git/objects/93/56edffa2ab871441c3ee986a395a4aaa6f202d' (92)
2024-07-13 16:19:22: Nouvelle Copie 'H:/dernSol/.git/objects/93/c84242cde1596466f568a5a64cb736da5a4eea' -> 'C:/Users/roadn/OneDrive/Python_bakup/dernSol/.git/objects/93/c84242cde1596466f568a5a64cb736da5a4eea' (1,086)
2024-07-13 16:19:22: Nouvelle Copie 'H:/dernSol/.git/objects/94/0c3453447cb13b9c9e1e19059910fdd678ba87' -> 'C:/Users/roadn/OneDrive/Python_bakup/dernSol/.git/objects/94/0c3453447cb13b9c9e1e19059910fdd678ba87' (455)
2024-07-13 16:19:22: Nouvelle Copie 'H:/dernSol/.git/objects/99/386eef867f0d72aa256279db2ae2e079d2139e' -> 'C:/Users/roadn/OneDrive/Python_bakup/dernSol/.git/objects/99/386eef867f0d72aa256279db2ae2e079d2139e' (374)
2024-07-13 16:19:22: Création du dossier C:/Users/roadn/OneDrive/Python_bakup/dernSol/.git/objects/9e
2024-07-13 16:19:22: Création du dossier C:/Users/roadn/OneDrive/Python_bakup/dernSol/.git/objects/9f
2024-07-13 16:19:22: Nouvelle Copie 'H:/dernSol/.git/objects/9b/fc6576b81233fcd7d0355f0c310f939d8ecb9f' -> 'C:/Users/roadn/OneDrive/Python_bakup/dernSol/.git/objects/9b/fc6576b81233fcd7d0355f0c310f939d8ecb9f' (411)
2024-07-13 16:19:22: Nouvelle Copie 'H:/dernSol/.git/objects/9d/31863f6a422c4403c9473862da093c1e4190af' -> 'C:/Users/roadn/OneDrive/Python_bakup/dernSol/.git/objects/9d/31863f6a422c4403c9473862da093c1e4190af' (410)
2024-07-13 16:19:22: Nouvelle Copie 'H:/dernSol/.git/objects/9e/2c51a7e6091e54ff2762ab529faaf90b9889e5' -> 'C:/Users/roadn/OneDrive/Python_bakup/dernSol/.git/objects/9e/2c51a7e6091e54ff2762ab529faaf90b9889e5' (400)
2024-07-13 16:19:22: Nouvelle Copie 'H:/dernSol/.git/objects/9f/364b82f6e494ca273c3fd034905b4dbb275bc5' -> 'C:/Users/roadn/OneDrive/Python_bakup/dernSol/.git/objects/9f/364b82f6e494ca273c3fd034905b4dbb275bc5' (505)
2024-07-13 16:19:22: Nouvelle Copie 'H:/dernSol/.git/objects/9e/af5e647ba5a063795ad966b26d104422040f9d' -> 'C:/Users/roadn/OneDrive/Python_bakup/dernSol/.git/objects/9e/af5e647ba5a063795ad966b26d104422040f9d' (410)
2024-07-13 16:19:23: Création du dossier C:/Users/roadn/OneDrive/Python_bakup/dernSol/.git/objects/a1
2024-07-13 16:19:23: Création du dossier C:/Users/roadn/OneDrive/Python_bakup/dernSol/.git/objects/a2
2024-07-13 16:19:23: Nouvelle Copie 'H:/dernSol/.git/objects/a3/7c6bf286885968c8fce16299a5e898fb54c93c' -> 'C:/Users/roadn/OneDrive/Python_bakup/dernSol/.git/objects/a3/7c6bf286885968c8fce16299a5e898fb54c93c' (827)
2024-07-13 16:19:23: Nouvelle Copie 'H:/dernSol/.git/objects/a4/05efcf519296df99ded34e0aa4caf0e51c05d5' -> 'C:/Users/roadn/OneDrive/Python_bakup/dernSol/.git/objects/a4/05efcf519296df99ded34e0aa4caf0e51c05d5' (47)
2024-07-13 16:19:23: Nouvelle Copie 'H:/dernSol/.git/objects/a1/12aa658ecb57b299fcdb0822ac85540c65fd74' -> 'C:/Users/roadn/OneDrive/Python_bakup/dernSol/.git/objects/a1/12aa658ecb57b299fcdb0822ac85540c65fd74' (194,886)
2024-07-13 16:19:23: Nouvelle Copie 'H:/dernSol/.git/objects/a2/fa1aa6d16b62cce3aea075bb66d96a6ed3aa2c' -> 'C:/Users/roadn/OneDrive/Python_bakup/dernSol/.git/objects/a2/fa1aa6d16b62cce3aea075bb66d96a6ed3aa2c' (2,011)
2024-07-13 16:19:23: Nouvelle Copie 'H:/dernSol/.git/objects/a1/531e2806c20bfed7dcb7ad3744c3602caf67fe' -> 'C:/Users/roadn/OneDrive/Python_bakup/dernSol/.git/objects/a1/531e2806c20bfed7dcb7ad3744c3602caf67fe' (2,019)
2024-07-13 16:19:23: Nouvelle Copie 'H:/dernSol/.git/objects/a4/e7cccc0205f4a7197786c20d7784c8dbd7252d' -> 'C:/Users/roadn/OneDrive/Python_bakup/dernSol/.git/objects/a4/e7cccc0205f4a7197786c20d7784c8dbd7252d' (369)
2024-07-13 16:19:23: Nouvelle Copie 'H:/dernSol/.git/objects/a8/a18b19caf10478ddf9496f05f7047ffade092d' -> 'C:/Users/roadn/OneDrive/Python_bakup/dernSol/.git/objects/a8/a18b19caf10478ddf9496f05f7047ffade092d' (104)
2024-07-13 16:19:23: Création du dossier C:/Users/roadn/OneDrive/Python_bakup/dernSol/.git/objects/af
2024-07-13 16:19:23: Nouvelle Copie 'H:/dernSol/.git/objects/aa/f7790ee6b221dced5a79838e05ab25b3546e9d' -> 'C:/Users/roadn/OneDrive/Python_bakup/dernSol/.git/objects/aa/f7790ee6b221dced5a79838e05ab25b3546e9d' (401)
2024-07-13 16:19:23: Nouvelle Copie 'H:/dernSol/.git/objects/ac/53371a141ee3226f9d68d0efeb03a7a38586e0' -> 'C:/Users/roadn/OneDrive/Python_bakup/dernSol/.git/objects/ac/53371a141ee3226f9d68d0efeb03a7a38586e0' (46)
2024-07-13 16:19:23: Nouvelle Copie 'H:/dernSol/.git/objects/ac/0765ee2412e56ae9da6cc35a4097ce4491b94f' -> 'C:/Users/roadn/OneDrive/Python_bakup/dernSol/.git/objects/ac/0765ee2412e56ae9da6cc35a4097ce4491b94f' (628)
2024-07-13 16:19:23: Nouvelle Copie 'H:/dernSol/.git/objects/af/a528a11ab0caa9060146f585b9b31aa391229d' -> 'C:/Users/roadn/OneDrive/Python_bakup/dernSol/.git/objects/af/a528a11ab0caa9060146f585b9b31aa391229d' (560)
2024-07-13 16:19:23: Nouvelle Copie 'H:/dernSol/.git/objects/ac/70eab744b2d750a2842ec2fadc5b50cc255983' -> 'C:/Users/roadn/OneDrive/Python_bakup/dernSol/.git/objects/ac/70eab744b2d750a2842ec2fadc5b50cc255983' (299)
2024-07-13 16:19:23: Ecrasement 'H:/dernSol/.git/objects/ac/7a79db1272235b74d7e141547f08fc3c9250d7' -> 'C:/Users/roadn/OneDrive/Python_bakup/dernSol/.git/objects/ac/7a79db1272235b74d7e141547f08fc3c9250d7' (265)
2024-07-13 16:19:23: Nouvelle Copie 'H:/dernSol/.git/objects/ac/f62a7ca3304b6a14e811b23af0c347d37d37d5' -> 'C:/Users/roadn/OneDrive/Python_bakup/dernSol/.git/objects/ac/f62a7ca3304b6a14e811b23af0c347d37d37d5' (736)
2024-07-13 16:19:23: Nouvelle Copie 'H:/dernSol/.git/objects/b0/43a9fa22dc3c1baa5af7623ac79d8b96d62259' -> 'C:/Users/roadn/OneDrive/Python_bakup/dernSol/.git/objects/b0/43a9fa22dc3c1baa5af7623ac79d8b96d62259' (114)
2024-07-13 16:19:23: Nouvelle Copie 'H:/dernSol/.git/objects/b2/1e2fdd5f229f39c9c642ac288a31aa7edb0f99' -> 'C:/Users/roadn/OneDrive/Python_bakup/dernSol/.git/objects/b2/1e2fdd5f229f39c9c642ac288a31aa7edb0f99' (114)
2024-07-13 16:19:23: Nouvelle Copie 'H:/dernSol/.git/objects/b2/9ff840914736a2f3541617d7d9f025288d4667' -> 'C:/Users/roadn/OneDrive/Python_bakup/dernSol/.git/objects/b2/9ff840914736a2f3541617d7d9f025288d4667' (9,985)
2024-07-13 16:19:23: Création du dossier C:/Users/roadn/OneDrive/Python_bakup/dernSol/.git/objects/c0
2024-07-13 16:19:23: Nouvelle Copie 'H:/dernSol/.git/objects/b8/37d7489d51579abc5e5030976b6fb74e331d56' -> 'C:/Users/roadn/OneDrive/Python_bakup/dernSol/.git/objects/b8/37d7489d51579abc5e5030976b6fb74e331d56' (409)
2024-07-13 16:19:23: Création du dossier C:/Users/roadn/OneDrive/Python_bakup/dernSol/.git/objects/c5
2024-07-13 16:19:23: Nouvelle Copie 'H:/dernSol/.git/objects/be/9377b5648c454cad91a0b6b972a7d59215a00d' -> 'C:/Users/roadn/OneDrive/Python_bakup/dernSol/.git/objects/be/9377b5648c454cad91a0b6b972a7d59215a00d' (411)
2024-07-13 16:19:23: Nouvelle Copie 'H:/dernSol/.git/objects/c0/8172dd34914355f98fa033c5992a7f26795e81' -> 'C:/Users/roadn/OneDrive/Python_bakup/dernSol/.git/objects/c0/8172dd34914355f98fa033c5992a7f26795e81' (92)
2024-07-13 16:19:23: Nouvelle Copie 'H:/dernSol/.git/objects/c1/14b00d21b18a24e723e335afa66464b58ffa59' -> 'C:/Users/roadn/OneDrive/Python_bakup/dernSol/.git/objects/c1/14b00d21b18a24e723e335afa66464b58ffa59' (291)
2024-07-13 16:19:23: Nouvelle Copie 'H:/dernSol/.git/objects/c1/4e448a974605e42e68ead378f6011590297aed' -> 'C:/Users/roadn/OneDrive/Python_bakup/dernSol/.git/objects/c1/4e448a974605e42e68ead378f6011590297aed' (2,493)
2024-07-13 16:19:23: Nouvelle Copie 'H:/dernSol/.git/objects/c5/294382303047f808f8766bfcebf85adcf9da11' -> 'C:/Users/roadn/OneDrive/Python_bakup/dernSol/.git/objects/c5/294382303047f808f8766bfcebf85adcf9da11' (455)
2024-07-13 16:19:23: Nouvelle Copie 'H:/dernSol/.git/objects/c1/86754634b871843fbb231fd3882c696e95a516' -> 'C:/Users/roadn/OneDrive/Python_bakup/dernSol/.git/objects/c1/86754634b871843fbb231fd3882c696e95a516' (195,655)
2024-07-13 16:19:23: Création du dossier C:/Users/roadn/OneDrive/Python_bakup/dernSol/.git/objects/c6
2024-07-13 16:19:23: Création du dossier C:/Users/roadn/OneDrive/Python_bakup/dernSol/.git/objects/c7
2024-07-13 16:19:23: Création du dossier C:/Users/roadn/OneDrive/Python_bakup/dernSol/.git/objects/c9
2024-07-13 16:19:23: Création du dossier C:/Users/roadn/OneDrive/Python_bakup/dernSol/.git/objects/d0
2024-07-13 16:19:23: Nouvelle Copie 'H:/dernSol/.git/objects/c7/199dc9b7d2454e34890dd435e2c7c534d96a34' -> 'C:/Users/roadn/OneDrive/Python_bakup/dernSol/.git/objects/c7/199dc9b7d2454e34890dd435e2c7c534d96a34' (1,178)
2024-07-13 16:19:23: Nouvelle Copie 'H:/dernSol/.git/objects/c9/feffc16e5d5d9c66e8148b8fab892952f8df00' -> 'C:/Users/roadn/OneDrive/Python_bakup/dernSol/.git/objects/c9/feffc16e5d5d9c66e8148b8fab892952f8df00' (455)
2024-07-13 16:19:23: Nouvelle Copie 'H:/dernSol/.git/objects/c6/9b2234dc18a8307f29f6bfa8e21bc992ba59df' -> 'C:/Users/roadn/OneDrive/Python_bakup/dernSol/.git/objects/c6/9b2234dc18a8307f29f6bfa8e21bc992ba59df' (211)
2024-07-13 16:19:23: Nouvelle Copie 'H:/dernSol/.git/objects/d0/08aeff99cde73992a933ded55bcff3c2f38f9f' -> 'C:/Users/roadn/OneDrive/Python_bakup/dernSol/.git/objects/d0/08aeff99cde73992a933ded55bcff3c2f38f9f' (1,815)
2024-07-13 16:19:23: Nouvelle Copie 'H:/dernSol/.git/objects/d5/6b1cb5135df1569c467272719c7cb8c06fe9a7' -> 'C:/Users/roadn/OneDrive/Python_bakup/dernSol/.git/objects/d5/6b1cb5135df1569c467272719c7cb8c06fe9a7' (516)
2024-07-13 16:19:23: Création du dossier C:/Users/roadn/OneDrive/Python_bakup/dernSol/.git/objects/db
2024-07-13 16:19:23: Nouvelle Copie 'H:/dernSol/.git/objects/d1/96499a37616c471f9532efc08ec91a2bb84452' -> 'C:/Users/roadn/OneDrive/Python_bakup/dernSol/.git/objects/d1/96499a37616c471f9532efc08ec91a2bb84452' (455)
2024-07-13 16:19:23: Nouvelle Copie 'H:/dernSol/.git/objects/db/97e1bd73ff78b714de7b96a88fc0089a035457' -> 'C:/Users/roadn/OneDrive/Python_bakup/dernSol/.git/objects/db/97e1bd73ff78b714de7b96a88fc0089a035457' (291)
2024-07-13 16:19:23: Nouvelle Copie 'H:/dernSol/.git/objects/e0/3854c39e41ea5c2778fbde1dc8323e206ee548' -> 'C:/Users/roadn/OneDrive/Python_bakup/dernSol/.git/objects/e0/3854c39e41ea5c2778fbde1dc8323e206ee548' (330)
2024-07-13 16:19:23: Nouvelle Copie 'H:/dernSol/.git/objects/e0/9689dccf92dec93f2387a4745f50e3a2c736e1' -> 'C:/Users/roadn/OneDrive/Python_bakup/dernSol/.git/objects/e0/9689dccf92dec93f2387a4745f50e3a2c736e1' (492)
2024-07-13 16:19:23: Ecrasement 'H:/dernSol/.git/objects/d1/2a92bca2e6f71e7d28649f91435ff7dd8bac46' -> 'C:/Users/roadn/OneDrive/Python_bakup/dernSol/.git/objects/d1/2a92bca2e6f71e7d28649f91435ff7dd8bac46' (766)
2024-07-13 16:19:23: Nouvelle Copie 'H:/dernSol/.git/objects/e3/071510241e46ac84b56bce9c322e99dd51a229' -> 'C:/Users/roadn/OneDrive/Python_bakup/dernSol/.git/objects/e3/071510241e46ac84b56bce9c322e99dd51a229' (968)
2024-07-13 16:19:23: Nouvelle Copie 'H:/dernSol/.git/objects/e1/b84d94605f83b62373e145d00554caa0600661' -> 'C:/Users/roadn/OneDrive/Python_bakup/dernSol/.git/objects/e1/b84d94605f83b62373e145d00554caa0600661' (61)
2024-07-13 16:19:23: Création du dossier C:/Users/roadn/OneDrive/Python_bakup/dernSol/.git/objects/e8
2024-07-13 16:19:23: Nouvelle Copie 'H:/dernSol/.git/objects/e3/3c3e856ef48a93fcb8111f304877adbfb5abe1' -> 'C:/Users/roadn/OneDrive/Python_bakup/dernSol/.git/objects/e3/3c3e856ef48a93fcb8111f304877adbfb5abe1' (46)
2024-07-13 16:19:23: Nouvelle Copie 'H:/dernSol/.git/objects/ef/af56011febd302b82825a56697f90b750d7eb7' -> 'C:/Users/roadn/OneDrive/Python_bakup/dernSol/.git/objects/ef/af56011febd302b82825a56697f90b750d7eb7' (113)
2024-07-13 16:19:23: Nouvelle Copie 'H:/dernSol/.git/objects/e8/6d75238a9bb6e0275dc5fadaee25f72a4f4e19' -> 'C:/Users/roadn/OneDrive/Python_bakup/dernSol/.git/objects/e8/6d75238a9bb6e0275dc5fadaee25f72a4f4e19' (557)
2024-07-13 16:19:23: Création du dossier C:/Users/roadn/OneDrive/Python_bakup/dernSol/.git/objects/f4
2024-07-13 16:19:24: Nouvelle Copie 'H:/dernSol/.git/objects/e8/b1e8751118e71993c0da6ba66be297244f97f9' -> 'C:/Users/roadn/OneDrive/Python_bakup/dernSol/.git/objects/e8/b1e8751118e71993c0da6ba66be297244f97f9' (414)
2024-07-13 16:19:24: Nouvelle Copie 'H:/dernSol/.git/objects/f2/8a09222fdbcdc0639ffd40921a6785fb0d78b1' -> 'C:/Users/roadn/OneDrive/Python_bakup/dernSol/.git/objects/f2/8a09222fdbcdc0639ffd40921a6785fb0d78b1' (365)
2024-07-13 16:19:24: Ecrasement 'H:/dernSol/.git/objects/f0/712c44931d43f1b2823909045bb243f05a1522' -> 'C:/Users/roadn/OneDrive/Python_bakup/dernSol/.git/objects/f0/712c44931d43f1b2823909045bb243f05a1522' (543)
2024-07-13 16:19:24: Nouvelle Copie 'H:/dernSol/.git/objects/f4/5c17ea5407695c581a1098795858050437163b' -> 'C:/Users/roadn/OneDrive/Python_bakup/dernSol/.git/objects/f4/5c17ea5407695c581a1098795858050437163b' (598)
2024-07-13 16:19:24: Nouvelle Copie 'H:/dernSol/.git/objects/f8/671df3d9dc119a5a5b780fe929cb8bccbf7d40' -> 'C:/Users/roadn/OneDrive/Python_bakup/dernSol/.git/objects/f8/671df3d9dc119a5a5b780fe929cb8bccbf7d40' (415)
2024-07-13 16:19:24: Nouvelle Copie 'H:/dernSol/.git/objects/f9/563b49abab135829e518c07224b21715715f5e' -> 'C:/Users/roadn/OneDrive/Python_bakup/dernSol/.git/objects/f9/563b49abab135829e518c07224b21715715f5e' (3,660)
2024-07-13 16:19:24: Nouvelle Copie 'H:/dernSol/.git/objects/fb/d3c01f1bfa27e843990d20bbd6024fe8e5ae5f' -> 'C:/Users/roadn/OneDrive/Python_bakup/dernSol/.git/objects/fb/d3c01f1bfa27e843990d20bbd6024fe8e5ae5f' (415)
2024-07-13 16:19:24: Nouvelle Copie 'H:/dernSol/.git/objects/fc/fef92927ad4cdc9a40eadf884cdce8007632fb' -> 'C:/Users/roadn/OneDrive/Python_bakup/dernSol/.git/objects/fc/fef92927ad4cdc9a40eadf884cdce8007632fb' (46)
2024-07-13 16:19:24: Nouvelle Copie 'H:/dernSol/.git/objects/ff/616b83c80971ce2bac394340d65e3eee0959f7' -> 'C:/Users/roadn/OneDrive/Python_bakup/dernSol/.git/objects/ff/616b83c80971ce2bac394340d65e3eee0959f7' (691)
2024-07-13 16:19:24: Ecrasement 'H:/dernSol/.git/refs/heads/master' -> 'C:/Users/roadn/OneDrive/Python_bakup/dernSol/.git/refs/heads/master' (41)
2024-07-13 16:19:24: Ecrasement 'H:/dernSol/.git/logs/refs/heads/master' -> 'C:/Users/roadn/OneDrive/Python_bakup/dernSol/.git/logs/refs/heads/master' (4,186)
2024-07-13 16:19:24: Ecrasement 'H:/dernSol/.git/refs/remotes/origin/master' -> 'C:/Users/roadn/OneDrive/Python_bakup/dernSol/.git/refs/remotes/origin/master' (41)
2024-07-13 16:19:24: Ecrasement 'H:/dernSol/db.sqlite3' -> 'C:/Users/roadn/OneDrive/Python_bakup/dernSol/db.sqlite3' (208,896)
2024-07-13 16:19:24: Ecrasement 'H:/dernSol/.git/logs/refs/remotes/origin/master' -> 'C:/Users/roadn/OneDrive/Python_bakup/dernSol/.git/logs/refs/remotes/origin/master' (2,516)
2024-07-13 16:19:24: Ecrasement 'H:/dernSol/chat/__pycache__/models.cpython-312.pyc' -> 'C:/Users/roadn/OneDrive/Python_bakup/dernSol/chat/__pycache__/models.cpython-312.pyc' (2,613)
2024-07-13 16:19:24: Nouvelle Copie 'H:/dernSol/chat/migrations/0005_article_likes.py' -> 'C:/Users/roadn/OneDrive/Python_bakup/dernSol/chat/migrations/0005_article_likes.py' (606)
2024-07-13 16:19:24: Nouvelle Copie 'H:/dernSol/chat/migrations/__pycache__/0005_article_likes.cpython-312.pyc' -> 'C:/Users/roadn/OneDrive/Python_bakup/dernSol/chat/migrations/__pycache__/0005_article_likes.cpython-312.pyc' (982)
2024-07-13 16:19:24: Ecrasement 'H:/dernSol/chat/__pycache__/views.cpython-312.pyc' -> 'C:/Users/roadn/OneDrive/Python_bakup/dernSol/chat/__pycache__/views.cpython-312.pyc' (6,285)
2024-07-13 16:19:24: Ecrasement 'H:/dernSol/chat/__pycache__/urls.cpython-312.pyc' -> 'C:/Users/roadn/OneDrive/Python_bakup/dernSol/chat/__pycache__/urls.cpython-312.pyc' (1,245)
2024-07-13 16:19:24: Ecrasement 'H:/dernSol/chat/templates/chat/article_detail.html' -> 'C:/Users/roadn/OneDrive/Python_bakup/dernSol/chat/templates/chat/article_detail.html' (2,100)
2024-07-13 16:19:24: Ecrasement 'H:/dernSol/chat/models.py' -> 'C:/Users/roadn/OneDrive/Python_bakup/dernSol/chat/models.py' (1,306)
2024-07-13 16:19:24: Ecrasement 'H:/dernSol/chat/urls.py' -> 'C:/Users/roadn/OneDrive/Python_bakup/dernSol/chat/urls.py' (971)
2024-07-13 16:19:24: Ecrasement 'H:/dernSol/chat/static/chat/css/article_detail.css' -> 'C:/Users/roadn/OneDrive/Python_bakup/dernSol/chat/static/chat/css/article_detail.css' (1,577)
2024-07-13 16:19:24: Ecrasement 'H:/dernSol/chat/templates/chat/article_list.html' -> 'C:/Users/roadn/OneDrive/Python_bakup/dernSol/chat/templates/chat/article_list.html' (1,513)
2024-07-13 16:19:24: Ecrasement 'H:/dernSol/chat/templates/chat/article_detail_1.html' -> 'C:/Users/roadn/OneDrive/Python_bakup/dernSol/chat/templates/chat/article_detail_1.html' (4,986)
2024-07-13 16:19:24: Nouvelle Copie 'H:/dernSol/chat/templates/chat/page_404.html' -> 'C:/Users/roadn/OneDrive/Python_bakup/dernSol/chat/templates/chat/page_404.html' (905)
2024-07-13 16:19:24: Nouvelle Copie 'H:/dernSol/chat/templates/chat/article_list_1.html' -> 'C:/Users/roadn/OneDrive/Python_bakup/dernSol/chat/templates/chat/article_list_1.html' (1,157)
2024-07-13 16:19:24: Close Modified Folder (mod-time, acl): /01_Archiv_dernSol
2024-07-13 16:19:24: Ecrasement 'H:/dernSol/chat/views.py' -> 'C:/Users/roadn/OneDrive/Python_bakup/dernSol/chat/views.py' (3,494)
2024-07-13 16:19:24: Nouvelle Copie 'H:/dernSol/templates/404.html' -> 'C:/Users/roadn/OneDrive/Python_bakup/dernSol/templates/404.html' (905)
2024-07-13 16:19:24: Ecrasement 'H:/dernSol/dernSol/settings.py' -> 'C:/Users/roadn/OneDrive/Python_bakup/dernSol/dernSol/settings.py' (4,988)
2024-07-13 16:19:24: Close Modified Folder (mod-time, acl): /.idea
2024-07-13 16:19:24: Ecrasement 'H:/dernSol/dernSol/__pycache__/settings.cpython-312.pyc' -> 'C:/Users/roadn/OneDrive/Python_bakup/dernSol/dernSol/__pycache__/settings.cpython-312.pyc' (2,890)
2024-07-13 16:19:24: Close Modified Folder (mod-time, acl): /.git/objects/02
2024-07-13 16:19:24: Close Modified Folder (mod-time, acl): /.git/objects/04
2024-07-13 16:19:24: Close Modified Folder (mod-time, acl): /.git/objects/06
2024-07-13 16:19:24: Ecrasement 'H:/dernSol/dernSol/__pycache__/urls.cpython-312.pyc' -> 'C:/Users/roadn/OneDrive/Python_bakup/dernSol/dernSol/__pycache__/urls.cpython-312.pyc' (1,406)
2024-07-13 16:19:24: Close Modified Folder (mod-time, acl): /.git/objects/12
2024-07-13 16:19:24: Close Modified Folder (mod-time, acl): /.git/objects/0b
2024-07-13 16:19:24: Close Modified Folder (mod-time, acl): /.git/objects/14
2024-07-13 16:19:24: Ecrasement 'H:/dernSol/dernSol/urls.py' -> 'C:/Users/roadn/OneDrive/Python_bakup/dernSol/dernSol/urls.py' (1,196)
2024-07-13 16:19:24: Close Modified Folder (mod-time, acl): /.git/objects/17
2024-07-13 16:19:24: Close Modified Folder (mod-time, acl): /.git/objects/1e
2024-07-13 16:19:24: Close Modified Folder (mod-time, acl): /.git/objects/23
2024-07-13 16:19:24: Close Modified Folder (mod-time, acl): /.git/objects/22
2024-07-13 16:19:24: Close Modified Folder (mod-time, acl): /.git/objects/26
2024-07-13 16:19:24: Close Modified Folder (mod-time, acl): /.git/objects/2c
2024-07-13 16:19:24: Close Modified Folder (mod-time, acl): /.git/objects/30
2024-07-13 16:19:24: Close Modified Folder (mod-time, acl): /.git/objects/32
2024-07-13 16:19:24: Close Modified Folder (mod-time, acl): /.git/objects/39
2024-07-13 16:19:24: Close Modified Folder (mod-time, acl): /.git/objects/3b
2024-07-13 16:19:24: Close Modified Folder (mod-time, acl): /.git/objects/3e
2024-07-13 16:19:24: Close Modified Folder (mod-time, acl): /.git/objects/41
2024-07-13 16:19:24: Close Modified Folder (mod-time, acl): /.git/objects/44
2024-07-13 16:19:24: Close Modified Folder (mod-time, acl): /.git/objects/45
2024-07-13 16:19:24: Close Modified Folder (mod-time, acl): /.git/objects/47
2024-07-13 16:19:24: Close Modified Folder (mod-time, acl): /.git/objects/48
2024-07-13 16:19:24: Close Modified Folder (mod-time, acl): /.git/objects/4b
2024-07-13 16:19:24: Close Modified Folder (mod-time, acl): /.git/objects/49
2024-07-13 16:19:24: Close Modified Folder (mod-time, acl): /.git/objects/4c
2024-07-13 16:19:24: Close Modified Folder (mod-time, acl): /.git/objects/4e
2024-07-13 16:19:24: Close Modified Folder (mod-time, acl): /.git/objects/51
2024-07-13 16:19:24: Close Modified Folder (mod-time, acl): /.git/objects/4d
2024-07-13 16:19:24: Close Modified Folder (mod-time, acl): /.git/objects/57
2024-07-13 16:19:24: Close Modified Folder (mod-time, acl): /.git/objects/5b
2024-07-13 16:19:24: Close Modified Folder (mod-time, acl): /.git/objects/5f
2024-07-13 16:19:24: Close Modified Folder (mod-time, acl): /.git/objects/67
2024-07-13 16:19:24: Close Modified Folder (mod-time, acl): /.git/objects/62
2024-07-13 16:19:24: Close Modified Folder (mod-time, acl): /.git/objects/63
2024-07-13 16:19:24: Close Modified Folder (mod-time, acl): /.git/objects/60
2024-07-13 16:19:24: Close Modified Folder (mod-time, acl): /.git/objects/68
2024-07-13 16:19:24: Close Modified Folder (mod-time, acl): /.git/objects/69
2024-07-13 16:19:24: Close Modified Folder (mod-time, acl): /.git/objects/6a
2024-07-13 16:19:24: Close Modified Folder (mod-time, acl): /.git/objects/71
2024-07-13 16:19:24: Close Modified Folder (mod-time, acl): /.git/objects/73
2024-07-13 16:19:24: Close Modified Folder (mod-time, acl): /.git/objects/7d
2024-07-13 16:19:24: Close Modified Folder (mod-time, acl): /.git/objects/74
2024-07-13 16:19:24: Close Modified Folder (mod-time, acl): /.git/objects/83
2024-07-13 16:19:24: Close Modified Folder (mod-time, acl): /.git/objects/89
2024-07-13 16:19:24: Close Modified Folder (mod-time, acl): /.git/objects/80
2024-07-13 16:19:24: Close Modified Folder (mod-time, acl): /.git/objects/90
2024-07-13 16:19:24: Close Modified Folder (mod-time, acl): /.git/objects/91
2024-07-13 16:19:24: Close Modified Folder (mod-time, acl): /.git/objects/93
2024-07-13 16:19:24: Close Modified Folder (mod-time, acl): /.git/objects/94
2024-07-13 16:19:24: Close Modified Folder (mod-time, acl): /.git/objects/99
2024-07-13 16:19:24: Close Modified Folder (mod-time, acl): /.git/objects/9b
2024-07-13 16:19:24: Close Modified Folder (mod-time, acl): /.git/objects/9d
2024-07-13 16:19:24: Close Modified Folder (mod-time, acl): /.git/objects/9f
2024-07-13 16:19:24: Close Modified Folder (mod-time, acl): /.git/objects/9e
2024-07-13 16:19:24: Close Modified Folder (mod-time, acl): /.git/objects/a3
2024-07-13 16:19:24: Close Modified Folder (mod-time, acl): /.git/objects/a2
2024-07-13 16:19:24: Close Modified Folder (mod-time, acl): /.git/objects/a4
2024-07-13 16:19:24: Close Modified Folder (mod-time, acl): /.git/objects/a1
2024-07-13 16:19:24: Close Modified Folder (mod-time, acl): /.git/objects/a8
2024-07-13 16:19:24: Close Modified Folder (mod-time, acl): /.git/objects/aa
2024-07-13 16:19:24: Close Modified Folder (mod-time, acl): /.git/objects/af
2024-07-13 16:19:24: Close Modified Folder (mod-time, acl): /.git/objects/ac
2024-07-13 16:19:24: Close Modified Folder (mod-time, acl): /.git/objects/b0
2024-07-13 16:19:24: Close Modified Folder (mod-time, acl): /.git/objects/b2
2024-07-13 16:19:24: Close Modified Folder (mod-time, acl): /.git/objects/b8
2024-07-13 16:19:24: Close Modified Folder (mod-time, acl): /.git/objects/be
2024-07-13 16:19:24: Close Modified Folder (mod-time, acl): /.git/objects/c0
2024-07-13 16:19:24: Close Modified Folder (mod-time, acl): /.git/objects/c5
2024-07-13 16:19:24: Close Modified Folder (mod-time, acl): /.git/objects/c1
2024-07-13 16:19:24: Close Modified Folder (mod-time, acl): /.git/objects/c7
2024-07-13 16:19:24: Close Modified Folder (mod-time, acl): /.git/objects/c9
2024-07-13 16:19:24: Close Modified Folder (mod-time, acl): /.git/objects/c6
2024-07-13 16:19:24: Close Modified Folder (mod-time, acl): /.git/objects/d0
2024-07-13 16:19:24: Close Modified Folder (mod-time, acl): /.git/objects/d5
2024-07-13 16:19:24: Close Modified Folder (mod-time, acl): /.git/objects/db
2024-07-13 16:19:24: Close Modified Folder (mod-time, acl): /.git/objects/e0
2024-07-13 16:19:24: Close Modified Folder (mod-time, acl): /.git/objects/d1
2024-07-13 16:19:24: Close Modified Folder (mod-time, acl): /.git/objects/e1
2024-07-13 16:19:24: Close Modified Folder (mod-time, acl): /.git/objects/e3
2024-07-13 16:19:24: Close Modified Folder (mod-time, acl): /.git/objects/ef
2024-07-13 16:19:24: Close Modified Folder (mod-time, acl): /.git/objects/e8
2024-07-13 16:19:24: Close Modified Folder (mod-time, acl): /.git/objects/f2
2024-07-13 16:19:24: Close Modified Folder (mod-time, acl): /.git/objects/f0
2024-07-13 16:19:24: Close Modified Folder (mod-time, acl): /.git/objects/f4
2024-07-13 16:19:24: Close Modified Folder (mod-time, acl): /.git/objects/f8
2024-07-13 16:19:24: Close Modified Folder (mod-time, acl): /.git/objects/fb
2024-07-13 16:19:24: Close Modified Folder (mod-time, acl): /.git/objects/f9
2024-07-13 16:19:24: Close Modified Folder (mod-time, acl): /.git/objects/fc
2024-07-13 16:19:24: Close Modified Folder (mod-time, acl): /.git/objects/ff
2024-07-13 16:19:24: Close Modified Folder (mod-time, acl): /.git/refs/heads
2024-07-13 16:19:24: Close Modified Folder (mod-time, acl): /.git/logs/refs/heads
2024-07-13 16:19:24: Close Modified Folder (mod-time, acl): /.git/refs/remotes/origin
2024-07-13 16:19:24: Close Modified Folder (mod-time, acl): /.git/logs/refs/remotes/origin
2024-07-13 16:19:24: Close Modified Folder (mod-time, acl): /chat/migrations/__pycache__
2024-07-13 16:19:24: Close Modified Folder (mod-time, acl): /chat/__pycache__
2024-07-13 16:19:24: Close Modified Folder (mod-time, acl): /chat/static/chat/css
2024-07-13 16:19:24: Close Modified Folder (mod-time, acl): /chat/templates/chat
2024-07-13 16:19:24: Close Modified Folder (mod-time, acl): /templates
2024-07-13 16:19:24: Close Modified Folder (mod-time, acl): /dernSol/__pycache__
2024-07-13 16:19:24: Close Modified Folder (mod-time, acl): /.git/objects
2024-07-13 16:19:24: Close Modified Folder (mod-time, acl): /chat/migrations
2024-07-13 16:19:24: Close Modified Folder (mod-time, acl): /dernSol
2024-07-13 16:19:24: Close Modified Folder (mod-time, acl): /.git/logs
2024-07-13 16:19:24: Close Modified Folder (mod-time, acl): /chat
2024-07-13 16:19:24: Close Modified Folder (mod-time, acl): /.git
2024-07-13 16:19:25: Sauvegarde du fichier d'état H:/dernSol/_gsdata_/_file_state_v4._gs
2024-07-13 16:19:25: Sauvegarde du fichier d'état C:/Users/roadn/OneDrive/Python_bakup/dernSol/_gsdata_/_file_state_v4._gs
2024-07-13 16:19:36: == Sync Complete. Time: 00:00:17, Speed: 789.89 KB/s, Elements synchronisés : 179, Erreurs : 0
