2024-07-07 18:18:30: == Sync Started by User Command
2024-07-07 18:18:30: ConnectCloned connected to file:///H:/dernSol
2024-07-07 18:18:30: ConnectCloned connected to file:///H:/dernSol
2024-07-07 18:18:30: ConnectCloned connected to file:///H:/dernSol
2024-07-07 18:18:30: ConnectCloned connected to file:///~roadn/OneDrive/Python_bakup/dernSol
2024-07-07 18:18:30: ConnectCloned connected to file:///~roadn/OneDrive/Python_bakup/dernSol
2024-07-07 18:18:30: ConnectCloned connected to file:///~roadn/OneDrive/Python_bakup/dernSol
2024-07-07 18:18:31: Ecrasement 'H:/dernSol/db.sqlite3' -> 'C:/Users/roadn/OneDrive/Python_bakup/dernSol/db.sqlite3' (208,896)
2024-07-07 18:18:31: Ecrasement 'H:/dernSol/chat/__pycache__/forms.cpython-312.pyc' -> 'C:/Users/roadn/OneDrive/Python_bakup/dernSol/chat/__pycache__/forms.cpython-312.pyc' (1,462)
2024-07-07 18:18:31: Ecrasement 'H:/dernSol/chat/forms.py' -> 'C:/Users/roadn/OneDrive/Python_bakup/dernSol/chat/forms.py' (601)
2024-07-07 18:18:31: Ecrasement 'H:/dernSol/chat/models.py' -> 'C:/Users/roadn/OneDrive/Python_bakup/dernSol/chat/models.py' (1,199)
2024-07-07 18:18:31: Ecrasement 'H:/dernSol/chat/__pycache__/models.cpython-312.pyc' -> 'C:/Users/roadn/OneDrive/Python_bakup/dernSol/chat/__pycache__/models.cpython-312.pyc' (2,467)
2024-07-07 18:18:31: Ecrasement 'H:/dernSol/chat/__pycache__/urls.cpython-312.pyc' -> 'C:/Users/roadn/OneDrive/Python_bakup/dernSol/chat/__pycache__/urls.cpython-312.pyc' (1,028)
2024-07-07 18:18:31: Ecrasement 'H:/dernSol/chat/__pycache__/views.cpython-312.pyc' -> 'C:/Users/roadn/OneDrive/Python_bakup/dernSol/chat/__pycache__/views.cpython-312.pyc' (4,573)
2024-07-07 18:18:31: Ecrasement 'H:/dernSol/chat/templates/chat/article_form.html' -> 'C:/Users/roadn/OneDrive/Python_bakup/dernSol/chat/templates/chat/article_form.html' (4,222)
2024-07-07 18:18:31: Ecrasement 'H:/dernSol/chat/urls.py' -> 'C:/Users/roadn/OneDrive/Python_bakup/dernSol/chat/urls.py' (686)
2024-07-07 18:18:31: Ecrasement 'H:/dernSol/chat/templates/chat/article_detail.html' -> 'C:/Users/roadn/OneDrive/Python_bakup/dernSol/chat/templates/chat/article_detail.html' (2,743)
2024-07-07 18:18:31: Ecrasement 'H:/dernSol/chat/templates/chat/comment_form.html' -> 'C:/Users/roadn/OneDrive/Python_bakup/dernSol/chat/templates/chat/comment_form.html' (1,442)
2024-07-07 18:18:31: Ecrasement 'H:/dernSol/chat/views.py' -> 'C:/Users/roadn/OneDrive/Python_bakup/dernSol/chat/views.py' (2,339)
2024-07-07 18:18:31: Ecrasement 'H:/dernSol/.idea/workspace.xml' -> 'C:/Users/roadn/OneDrive/Python_bakup/dernSol/.idea/workspace.xml' (27,806)
2024-07-07 18:18:31: Ecrasement 'H:/dernSol/.git/index' -> 'C:/Users/roadn/OneDrive/Python_bakup/dernSol/.git/index' (11,549)
2024-07-07 18:18:31: Ecrasement 'H:/dernSol/.git/COMMIT_EDITMSG' -> 'C:/Users/roadn/OneDrive/Python_bakup/dernSol/.git/COMMIT_EDITMSG' (467)
2024-07-07 18:18:31: Création du dossier C:/Users/roadn/OneDrive/Python_bakup/dernSol/.git/objects/14
2024-07-07 18:18:31: Création du dossier C:/Users/roadn/OneDrive/Python_bakup/dernSol/.git/objects/17
2024-07-07 18:18:31: Nouvelle Copie 'H:/dernSol/.git/objects/0d/975f9911ec0eb9b67abc543d69e67fda0de14f' -> 'C:/Users/roadn/OneDrive/Python_bakup/dernSol/.git/objects/0d/975f9911ec0eb9b67abc543d69e67fda0de14f' (412)
2024-07-07 18:18:31: Ecrasement 'H:/dernSol/.git/logs/HEAD' -> 'C:/Users/roadn/OneDrive/Python_bakup/dernSol/.git/logs/HEAD' (2,377)
2024-07-07 18:18:31: Nouvelle Copie 'H:/dernSol/.git/objects/14/5b46766382fdc566f390858e6c29f809a236bb' -> 'C:/Users/roadn/OneDrive/Python_bakup/dernSol/.git/objects/14/5b46766382fdc566f390858e6c29f809a236bb' (107)
2024-07-07 18:18:31: Création du dossier C:/Users/roadn/OneDrive/Python_bakup/dernSol/.git/objects/1a
2024-07-07 18:18:31: Nouvelle Copie 'H:/dernSol/.git/objects/17/7774d5966b7b1847da3aab3eaed2922713a077' -> 'C:/Users/roadn/OneDrive/Python_bakup/dernSol/.git/objects/17/7774d5966b7b1847da3aab3eaed2922713a077' (908)
2024-07-07 18:18:31: Nouvelle Copie 'H:/dernSol/.git/objects/17/87608cb272deb60ada41abf5e67914b6f84fca' -> 'C:/Users/roadn/OneDrive/Python_bakup/dernSol/.git/objects/17/87608cb272deb60ada41abf5e67914b6f84fca' (128,764)
2024-07-07 18:18:31: Création du dossier C:/Users/roadn/OneDrive/Python_bakup/dernSol/.git/objects/21
2024-07-07 18:18:31: Nouvelle Copie 'H:/dernSol/.git/objects/1a/d9f51553cd0958232cd7d69734ac5ff0729245' -> 'C:/Users/roadn/OneDrive/Python_bakup/dernSol/.git/objects/1a/d9f51553cd0958232cd7d69734ac5ff0729245' (484)
2024-07-07 18:18:31: Nouvelle Copie 'H:/dernSol/.git/objects/1d/37df19507117338e854e553f34e9bbc5f79ae4' -> 'C:/Users/roadn/OneDrive/Python_bakup/dernSol/.git/objects/1d/37df19507117338e854e553f34e9bbc5f79ae4' (234,022)
2024-07-07 18:18:31: Création du dossier C:/Users/roadn/OneDrive/Python_bakup/dernSol/.git/objects/36
2024-07-07 18:18:31: Nouvelle Copie 'H:/dernSol/.git/objects/20/34a960076fbd1ba2a9a7c75cb53ce5dcab9d4b' -> 'C:/Users/roadn/OneDrive/Python_bakup/dernSol/.git/objects/20/34a960076fbd1ba2a9a7c75cb53ce5dcab9d4b' (414)
2024-07-07 18:18:31: Nouvelle Copie 'H:/dernSol/.git/objects/21/0b8ad799e4e58db1a2d9debe79d829a20e0f78' -> 'C:/Users/roadn/OneDrive/Python_bakup/dernSol/.git/objects/21/0b8ad799e4e58db1a2d9debe79d829a20e0f78' (266)
2024-07-07 18:18:31: Nouvelle Copie 'H:/dernSol/.git/objects/2f/0ac1a83be48aa2b694febf7625f8dc62eb9d96' -> 'C:/Users/roadn/OneDrive/Python_bakup/dernSol/.git/objects/2f/0ac1a83be48aa2b694febf7625f8dc62eb9d96' (1,468)
2024-07-07 18:18:31: Nouvelle Copie 'H:/dernSol/.git/objects/36/d31f86c77c8bf9d0d240eaaf8a6a1f45bcb330' -> 'C:/Users/roadn/OneDrive/Python_bakup/dernSol/.git/objects/36/d31f86c77c8bf9d0d240eaaf8a6a1f45bcb330' (84)
2024-07-07 18:18:31: Nouvelle Copie 'H:/dernSol/.git/objects/2f/6f698c250c1662e1ab0fc790d8a654b8706a84' -> 'C:/Users/roadn/OneDrive/Python_bakup/dernSol/.git/objects/2f/6f698c250c1662e1ab0fc790d8a654b8706a84' (362)
2024-07-07 18:18:31: Création du dossier C:/Users/roadn/OneDrive/Python_bakup/dernSol/.git/objects/4a
2024-07-07 18:18:31: Nouvelle Copie 'H:/dernSol/.git/objects/38/43d1cef6933b5a2a8fd6d87b211cf981670cc8' -> 'C:/Users/roadn/OneDrive/Python_bakup/dernSol/.git/objects/38/43d1cef6933b5a2a8fd6d87b211cf981670cc8' (9,780)
2024-07-07 18:18:31: Nouvelle Copie 'H:/dernSol/.git/objects/3a/755d73bae049e62f108e0c5353d428fafbeb57' -> 'C:/Users/roadn/OneDrive/Python_bakup/dernSol/.git/objects/3a/755d73bae049e62f108e0c5353d428fafbeb57' (82)
2024-07-07 18:18:31: Nouvelle Copie 'H:/dernSol/.git/objects/3f/2bd759d5e4904fd019032f5ab7b52df87332eb' -> 'C:/Users/roadn/OneDrive/Python_bakup/dernSol/.git/objects/3f/2bd759d5e4904fd019032f5ab7b52df87332eb' (776)
2024-07-07 18:18:31: Nouvelle Copie 'H:/dernSol/.git/objects/4a/7f6c46993ddddd41e6e5ad6d9b9ec709bb1694' -> 'C:/Users/roadn/OneDrive/Python_bakup/dernSol/.git/objects/4a/7f6c46993ddddd41e6e5ad6d9b9ec709bb1694' (373)
2024-07-07 18:18:31: Nouvelle Copie 'H:/dernSol/.git/objects/4c/37e064451e14db6c146b51913ca602f55765c2' -> 'C:/Users/roadn/OneDrive/Python_bakup/dernSol/.git/objects/4c/37e064451e14db6c146b51913ca602f55765c2' (455)
2024-07-07 18:18:31: Création du dossier C:/Users/roadn/OneDrive/Python_bakup/dernSol/.git/objects/60
2024-07-07 18:18:31: Nouvelle Copie 'H:/dernSol/.git/objects/59/484080c870108158535179cdae477a9178eaac' -> 'C:/Users/roadn/OneDrive/Python_bakup/dernSol/.git/objects/59/484080c870108158535179cdae477a9178eaac' (145)
2024-07-07 18:18:31: Nouvelle Copie 'H:/dernSol/.git/objects/60/90fd1a110d13d4f8a0310e1685d4a966c6a80a' -> 'C:/Users/roadn/OneDrive/Python_bakup/dernSol/.git/objects/60/90fd1a110d13d4f8a0310e1685d4a966c6a80a' (55)
2024-07-07 18:18:31: Création du dossier C:/Users/roadn/OneDrive/Python_bakup/dernSol/.git/objects/65
2024-07-07 18:18:31: Ecrasement 'H:/dernSol/.git/objects/5e/681c7bb8b75e6028e95222fa2b59ebcc63a495' -> 'C:/Users/roadn/OneDrive/Python_bakup/dernSol/.git/objects/5e/681c7bb8b75e6028e95222fa2b59ebcc63a495' (408)
2024-07-07 18:18:31: Ecrasement 'H:/dernSol/.git/objects/63/3b4dc118ce8fcdea64b07c99014c2bcd5a050d' -> 'C:/Users/roadn/OneDrive/Python_bakup/dernSol/.git/objects/63/3b4dc118ce8fcdea64b07c99014c2bcd5a050d' (747)
2024-07-07 18:18:31: Nouvelle Copie 'H:/dernSol/.git/objects/65/6dde50d72ff397eebd4a962664c3fe307fbbbf' -> 'C:/Users/roadn/OneDrive/Python_bakup/dernSol/.git/objects/65/6dde50d72ff397eebd4a962664c3fe307fbbbf' (46)
2024-07-07 18:18:31: Création du dossier C:/Users/roadn/OneDrive/Python_bakup/dernSol/.git/objects/78
2024-07-07 18:18:31: Nouvelle Copie 'H:/dernSol/.git/objects/6b/c8abafb26d3ba916127bbb1df8b4d01cb6cb07' -> 'C:/Users/roadn/OneDrive/Python_bakup/dernSol/.git/objects/6b/c8abafb26d3ba916127bbb1df8b4d01cb6cb07' (415)
2024-07-07 18:18:31: Nouvelle Copie 'H:/dernSol/.git/objects/6c/2ab45c28abeb176596835b11ead67bfbc955f6' -> 'C:/Users/roadn/OneDrive/Python_bakup/dernSol/.git/objects/6c/2ab45c28abeb176596835b11ead67bfbc955f6' (408)
2024-07-07 18:18:31: Nouvelle Copie 'H:/dernSol/.git/objects/78/854be372fbec00669de1f18ad0be78d748f5e5' -> 'C:/Users/roadn/OneDrive/Python_bakup/dernSol/.git/objects/78/854be372fbec00669de1f18ad0be78d748f5e5' (283)
2024-07-07 18:18:31: Ecrasement 'H:/dernSol/.git/objects/7b/89f9c9ad5946d792db0ff9dd78c50bf1facac7' -> 'C:/Users/roadn/OneDrive/Python_bakup/dernSol/.git/objects/7b/89f9c9ad5946d792db0ff9dd78c50bf1facac7' (607)
2024-07-07 18:18:31: Nouvelle Copie 'H:/dernSol/.git/objects/83/d6703543efee10c8e94d1ca246434196a61617' -> 'C:/Users/roadn/OneDrive/Python_bakup/dernSol/.git/objects/83/d6703543efee10c8e94d1ca246434196a61617' (417)
2024-07-07 18:18:31: Nouvelle Copie 'H:/dernSol/.git/objects/78/aad103dde4fdd03e69d4252f20b5910a9d45cb' -> 'C:/Users/roadn/OneDrive/Python_bakup/dernSol/.git/objects/78/aad103dde4fdd03e69d4252f20b5910a9d45cb' (123,768)
2024-07-07 18:18:31: Création du dossier C:/Users/roadn/OneDrive/Python_bakup/dernSol/.git/objects/92
2024-07-07 18:18:31: Nouvelle Copie 'H:/dernSol/.git/objects/84/9a7083ca7ab627a5dbb79ec73789bdf8682b74' -> 'C:/Users/roadn/OneDrive/Python_bakup/dernSol/.git/objects/84/9a7083ca7ab627a5dbb79ec73789bdf8682b74' (409)
2024-07-07 18:18:31: Nouvelle Copie 'H:/dernSol/.git/objects/8f/d46d2181381703a45e55e95bdc54e85fd43cb3' -> 'C:/Users/roadn/OneDrive/Python_bakup/dernSol/.git/objects/8f/d46d2181381703a45e55e95bdc54e85fd43cb3' (319)
2024-07-07 18:18:31: Nouvelle Copie 'H:/dernSol/.git/objects/92/85d6693aadf6911007884c5a0623c7c137ac62' -> 'C:/Users/roadn/OneDrive/Python_bakup/dernSol/.git/objects/92/85d6693aadf6911007884c5a0623c7c137ac62' (1,059)
2024-07-07 18:18:31: Nouvelle Copie 'H:/dernSol/.git/objects/97/122ab27607c8ac1e6bfebd7dcc422ae2f44175' -> 'C:/Users/roadn/OneDrive/Python_bakup/dernSol/.git/objects/97/122ab27607c8ac1e6bfebd7dcc422ae2f44175' (192,255)
2024-07-07 18:18:31: Nouvelle Copie 'H:/dernSol/.git/objects/98/75775c20396bc8a53b999b66d920166bee8c4a' -> 'C:/Users/roadn/OneDrive/Python_bakup/dernSol/.git/objects/98/75775c20396bc8a53b999b66d920166bee8c4a' (315)
2024-07-07 18:18:31: Création du dossier C:/Users/roadn/OneDrive/Python_bakup/dernSol/.git/objects/9c
2024-07-07 18:18:31: Nouvelle Copie 'H:/dernSol/.git/objects/99/570c4f2896245694139b3be06a96670007ff1c' -> 'C:/Users/roadn/OneDrive/Python_bakup/dernSol/.git/objects/99/570c4f2896245694139b3be06a96670007ff1c' (50)
2024-07-07 18:18:31: Nouvelle Copie 'H:/dernSol/.git/objects/9d/2ecac51893021ba95dc8964482f09257acd425' -> 'C:/Users/roadn/OneDrive/Python_bakup/dernSol/.git/objects/9d/2ecac51893021ba95dc8964482f09257acd425' (47)
2024-07-07 18:18:31: Nouvelle Copie 'H:/dernSol/.git/objects/9c/8f0cedc5af410725e8e353d772f8d502fda1b4' -> 'C:/Users/roadn/OneDrive/Python_bakup/dernSol/.git/objects/9c/8f0cedc5af410725e8e353d772f8d502fda1b4' (430)
2024-07-07 18:18:31: Ecrasement 'H:/dernSol/.git/objects/a4/525f63037fe36c7ff2d5de8ce81b50925a6b06' -> 'C:/Users/roadn/OneDrive/Python_bakup/dernSol/.git/objects/a4/525f63037fe36c7ff2d5de8ce81b50925a6b06' (635)
2024-07-07 18:18:31: Création du dossier C:/Users/roadn/OneDrive/Python_bakup/dernSol/.git/objects/b7
2024-07-07 18:18:31: Nouvelle Copie 'H:/dernSol/.git/objects/ac/7a79db1272235b74d7e141547f08fc3c9250d7' -> 'C:/Users/roadn/OneDrive/Python_bakup/dernSol/.git/objects/ac/7a79db1272235b74d7e141547f08fc3c9250d7' (265)
2024-07-07 18:18:31: Nouvelle Copie 'H:/dernSol/.git/objects/b2/87af71c4ce988d8de6d110f4adde11e99125d8' -> 'C:/Users/roadn/OneDrive/Python_bakup/dernSol/.git/objects/b2/87af71c4ce988d8de6d110f4adde11e99125d8' (404)
2024-07-07 18:18:31: Création du dossier C:/Users/roadn/OneDrive/Python_bakup/dernSol/.git/objects/c2
2024-07-07 18:18:31: Nouvelle Copie 'H:/dernSol/.git/objects/b7/5e90ecc09ef04580265b28e260f0b67a755f66' -> 'C:/Users/roadn/OneDrive/Python_bakup/dernSol/.git/objects/b7/5e90ecc09ef04580265b28e260f0b67a755f66' (635)
2024-07-07 18:18:31: Nouvelle Copie 'H:/dernSol/.git/objects/b8/8f508d393113cc6d3f456be34bfc008b6e1d05' -> 'C:/Users/roadn/OneDrive/Python_bakup/dernSol/.git/objects/b8/8f508d393113cc6d3f456be34bfc008b6e1d05' (372)
2024-07-07 18:18:31: Nouvelle Copie 'H:/dernSol/.git/objects/c1/9ad128a4969933e79f1ff35e2de395c4ca674c' -> 'C:/Users/roadn/OneDrive/Python_bakup/dernSol/.git/objects/c1/9ad128a4969933e79f1ff35e2de395c4ca674c' (113)
2024-07-07 18:18:31: Création du dossier C:/Users/roadn/OneDrive/Python_bakup/dernSol/.git/objects/ca
2024-07-07 18:18:31: Nouvelle Copie 'H:/dernSol/.git/objects/c2/a6d2a2f77ff8e69ab849404aa2ed3b7193c84e' -> 'C:/Users/roadn/OneDrive/Python_bakup/dernSol/.git/objects/c2/a6d2a2f77ff8e69ab849404aa2ed3b7193c84e' (118)
2024-07-07 18:18:31: Nouvelle Copie 'H:/dernSol/.git/objects/cf/4c5ac5a61fa33d6ed91f9fe2e177ebea2a07a1' -> 'C:/Users/roadn/OneDrive/Python_bakup/dernSol/.git/objects/cf/4c5ac5a61fa33d6ed91f9fe2e177ebea2a07a1' (467)
2024-07-07 18:18:31: Nouvelle Copie 'H:/dernSol/.git/objects/d1/2a92bca2e6f71e7d28649f91435ff7dd8bac46' -> 'C:/Users/roadn/OneDrive/Python_bakup/dernSol/.git/objects/d1/2a92bca2e6f71e7d28649f91435ff7dd8bac46' (766)
2024-07-07 18:18:31: Nouvelle Copie 'H:/dernSol/.git/objects/ca/fae28f7f3b4df90beba19ad94ba0a8253cdaa4' -> 'C:/Users/roadn/OneDrive/Python_bakup/dernSol/.git/objects/ca/fae28f7f3b4df90beba19ad94ba0a8253cdaa4' (336)
2024-07-07 18:18:31: Nouvelle Copie 'H:/dernSol/.git/objects/d7/32ddf6887b227d40215ee25ff87c1d9179b5bb' -> 'C:/Users/roadn/OneDrive/Python_bakup/dernSol/.git/objects/d7/32ddf6887b227d40215ee25ff87c1d9179b5bb' (319)
2024-07-07 18:18:31: Création du dossier C:/Users/roadn/OneDrive/Python_bakup/dernSol/.git/objects/dd
2024-07-07 18:18:31: Ecrasement 'H:/dernSol/.git/objects/d6/e45788c39bd480d262207a1ebcc219a7ab9b9e' -> 'C:/Users/roadn/OneDrive/Python_bakup/dernSol/.git/objects/d6/e45788c39bd480d262207a1ebcc219a7ab9b9e' (684)
2024-07-07 18:18:31: Nouvelle Copie 'H:/dernSol/.git/objects/e1/3cacacb715740f109cac4f1cdf3e31e43cf2dc' -> 'C:/Users/roadn/OneDrive/Python_bakup/dernSol/.git/objects/e1/3cacacb715740f109cac4f1cdf3e31e43cf2dc' (193,861)
2024-07-07 18:18:31: Nouvelle Copie 'H:/dernSol/.git/objects/dd/51fb433ab55283c4c2ea03b3aa784314d28aa6' -> 'C:/Users/roadn/OneDrive/Python_bakup/dernSol/.git/objects/dd/51fb433ab55283c4c2ea03b3aa784314d28aa6' (429)
2024-07-07 18:18:31: Nouvelle Copie 'H:/dernSol/.git/objects/dd/5be95931fdf1710ece64910d1a5662de7128c2' -> 'C:/Users/roadn/OneDrive/Python_bakup/dernSol/.git/objects/dd/5be95931fdf1710ece64910d1a5662de7128c2' (592)
2024-07-07 18:18:31: Nouvelle Copie 'H:/dernSol/.git/objects/ed/d4bc883c4c75892587a335a3dae8b958be8e36' -> 'C:/Users/roadn/OneDrive/Python_bakup/dernSol/.git/objects/ed/d4bc883c4c75892587a335a3dae8b958be8e36' (9,645)
2024-07-07 18:18:31: Nouvelle Copie 'H:/dernSol/.git/objects/ed/d4da8a51a5efcefe39e5b65d438b6c3556f420' -> 'C:/Users/roadn/OneDrive/Python_bakup/dernSol/.git/objects/ed/d4da8a51a5efcefe39e5b65d438b6c3556f420' (582)
2024-07-07 18:18:31: Ecrasement 'H:/dernSol/.git/objects/e6/9de29bb2d1d6434b8b29ae775ad8c2e48c5391' -> 'C:/Users/roadn/OneDrive/Python_bakup/dernSol/.git/objects/e6/9de29bb2d1d6434b8b29ae775ad8c2e48c5391' (15)
2024-07-07 18:18:31: Nouvelle Copie 'H:/dernSol/.git/objects/ee/324f30c93373331a71a2bb27617ddd11105d6b' -> 'C:/Users/roadn/OneDrive/Python_bakup/dernSol/.git/objects/ee/324f30c93373331a71a2bb27617ddd11105d6b' (11,219)
2024-07-07 18:18:31: Nouvelle Copie 'H:/dernSol/.git/objects/fa/f326b22d25d848993f88ddc76c9ea3ce1c4f7e' -> 'C:/Users/roadn/OneDrive/Python_bakup/dernSol/.git/objects/fa/f326b22d25d848993f88ddc76c9ea3ce1c4f7e' (485)
2024-07-07 18:18:31: Nouvelle Copie 'H:/dernSol/.git/objects/fb/ce162119500b825a6beb2fcdd84cc236cb1b3d' -> 'C:/Users/roadn/OneDrive/Python_bakup/dernSol/.git/objects/fb/ce162119500b825a6beb2fcdd84cc236cb1b3d' (2,803)
2024-07-07 18:18:31: Ecrasement 'H:/dernSol/.git/logs/refs/heads/master' -> 'C:/Users/roadn/OneDrive/Python_bakup/dernSol/.git/logs/refs/heads/master' (2,377)
2024-07-07 18:18:31: Ecrasement 'H:/dernSol/.git/refs/heads/master' -> 'C:/Users/roadn/OneDrive/Python_bakup/dernSol/.git/refs/heads/master' (41)
2024-07-07 18:18:31: Close Modified Folder (mod-time, acl): /chat/__pycache__
2024-07-07 18:18:31: Création du dossier C:/Users/roadn/OneDrive/Python_bakup/dernSol/templates/registration
2024-07-07 18:18:31: Ecrasement 'H:/dernSol/.git/logs/refs/remotes/origin/master' -> 'C:/Users/roadn/OneDrive/Python_bakup/dernSol/.git/logs/refs/remotes/origin/master' (1,184)
2024-07-07 18:18:31: Déplacement C:/Users/roadn/OneDrive/Python_bakup/dernSol/chat/templates/registratioj/login_extend.html -> C:/Users/roadn/OneDrive/Python_bakup/dernSol/templates/registration/login_extend.html
2024-07-07 18:18:31: Déplacement C:/Users/roadn/OneDrive/Python_bakup/dernSol/chat/templates/registratioj/login.html -> C:/Users/roadn/OneDrive/Python_bakup/dernSol/templates/registration/login_ToDel.html
2024-07-07 18:18:31: Close Modified Folder (mod-time, acl): /chat/templates/chat
2024-07-07 18:18:31: Nouvelle Copie 'H:/dernSol/templates/registration/login.html' -> 'C:/Users/roadn/OneDrive/Python_bakup/dernSol/templates/registration/login.html' (837)
2024-07-07 18:18:31: Close Modified Folder (mod-time, acl): /.idea
2024-07-07 18:18:31: Close Modified Folder (mod-time, acl): /.git/objects/0d
2024-07-07 18:18:31: Ecrasement 'H:/dernSol/.git/refs/remotes/origin/master' -> 'C:/Users/roadn/OneDrive/Python_bakup/dernSol/.git/refs/remotes/origin/master' (41)
2024-07-07 18:18:31: Close Modified Folder (mod-time, acl): /.git/objects/14
2024-07-07 18:18:31: Close Modified Folder (mod-time, acl): /.git/objects/17
2024-07-07 18:18:31: Close Modified Folder (mod-time, acl): /.git/objects/1a
2024-07-07 18:18:31: Close Modified Folder (mod-time, acl): /.git/objects/1d
2024-07-07 18:18:31: Close Modified Folder (mod-time, acl): /.git/objects/20
2024-07-07 18:18:31: Close Modified Folder (mod-time, acl): /.git/objects/21
2024-07-07 18:18:31: Close Modified Folder (mod-time, acl): /.git/objects/36
2024-07-07 18:18:31: Close Modified Folder (mod-time, acl): /.git/objects/2f
2024-07-07 18:18:31: Close Modified Folder (mod-time, acl): /.git/objects/38
2024-07-07 18:18:31: Close Modified Folder (mod-time, acl): /.git/objects/3a
2024-07-07 18:18:31: Close Modified Folder (mod-time, acl): /.git/objects/3f
2024-07-07 18:18:31: Close Modified Folder (mod-time, acl): /.git/objects/4a
2024-07-07 18:18:31: Close Modified Folder (mod-time, acl): /.git/objects/4c
2024-07-07 18:18:31: Close Modified Folder (mod-time, acl): /.git/objects/59
2024-07-07 18:18:31: Close Modified Folder (mod-time, acl): /.git/objects/60
2024-07-07 18:18:31: Close Modified Folder (mod-time, acl): /.git/objects/5e
2024-07-07 18:18:31: Close Modified Folder (mod-time, acl): /.git/objects/63
2024-07-07 18:18:31: Close Modified Folder (mod-time, acl): /.git/objects/65
2024-07-07 18:18:31: Close Modified Folder (mod-time, acl): /.git/objects/6b
2024-07-07 18:18:31: Close Modified Folder (mod-time, acl): /.git/objects/6c
2024-07-07 18:18:31: Close Modified Folder (mod-time, acl): /.git/objects/7b
2024-07-07 18:18:31: Close Modified Folder (mod-time, acl): /.git/objects/83
2024-07-07 18:18:31: Close Modified Folder (mod-time, acl): /.git/objects/78
2024-07-07 18:18:31: Close Modified Folder (mod-time, acl): /.git/objects/84
2024-07-07 18:18:31: Close Modified Folder (mod-time, acl): /.git/objects/8f
2024-07-07 18:18:31: Close Modified Folder (mod-time, acl): /.git/objects/92
2024-07-07 18:18:31: Close Modified Folder (mod-time, acl): /.git/objects/97
2024-07-07 18:18:31: Close Modified Folder (mod-time, acl): /.git/objects/98
2024-07-07 18:18:31: Close Modified Folder (mod-time, acl): /.git/objects/99
2024-07-07 18:18:31: Close Modified Folder (mod-time, acl): /.git/objects/9d
2024-07-07 18:18:31: Close Modified Folder (mod-time, acl): /.git/objects/9c
2024-07-07 18:18:31: Close Modified Folder (mod-time, acl): /.git/objects/a4
2024-07-07 18:18:31: Close Modified Folder (mod-time, acl): /.git/objects/ac
2024-07-07 18:18:31: Close Modified Folder (mod-time, acl): /.git/objects/b2
2024-07-07 18:18:31: Close Modified Folder (mod-time, acl): /.git/objects/b7
2024-07-07 18:18:31: Close Modified Folder (mod-time, acl): /.git/objects/b8
2024-07-07 18:18:31: Close Modified Folder (mod-time, acl): /.git/objects/c1
2024-07-07 18:18:31: Close Modified Folder (mod-time, acl): /.git/objects/c2
2024-07-07 18:18:31: Close Modified Folder (mod-time, acl): /.git/objects/cf
2024-07-07 18:18:31: Close Modified Folder (mod-time, acl): /.git/objects/d1
2024-07-07 18:18:31: Close Modified Folder (mod-time, acl): /.git/objects/ca
2024-07-07 18:18:31: Close Modified Folder (mod-time, acl): /.git/objects/d7
2024-07-07 18:18:31: Close Modified Folder (mod-time, acl): /.git/objects/d6
2024-07-07 18:18:31: Close Modified Folder (mod-time, acl): /.git/objects/e1
2024-07-07 18:18:31: Close Modified Folder (mod-time, acl): /.git/objects/dd
2024-07-07 18:18:31: Close Modified Folder (mod-time, acl): /.git/objects/ed
2024-07-07 18:18:31: Close Modified Folder (mod-time, acl): /.git/objects/e6
2024-07-07 18:18:31: Close Modified Folder (mod-time, acl): /.git/objects/ee
2024-07-07 18:18:31: Close Modified Folder (mod-time, acl): /.git/objects/fa
2024-07-07 18:18:31: Close Modified Folder (mod-time, acl): /.git/objects/fb
2024-07-07 18:18:31: Close Modified Folder (mod-time, acl): /.git/logs/refs/heads
2024-07-07 18:18:31: Close Modified Folder (mod-time, acl): /.git/refs/heads
2024-07-07 18:18:31: Close Modified Folder (mod-time, acl): /.git/logs/refs/remotes/origin
2024-07-07 18:18:31: Close Modified Folder (mod-time, acl): /templates/registration
2024-07-07 18:18:31: Suppression du dossier C:/Users/roadn/OneDrive/Python_bakup/dernSol/chat/templates/registratioj
2024-07-07 18:18:31: Close Modified Folder (mod-time, acl): /.git/refs/remotes/origin
2024-07-07 18:18:31: Close Modified Folder (mod-time, acl): /.git/objects
2024-07-07 18:18:31: Close Modified Folder (mod-time, acl): /chat/templates
2024-07-07 18:18:31: Close Modified Folder (mod-time, acl): /templates
2024-07-07 18:18:31: Close Modified Folder (mod-time, acl): /chat
2024-07-07 18:18:31: Close Modified Folder (mod-time, acl): /.git/logs
2024-07-07 18:18:31: Close Modified Folder (mod-time, acl): /.git
2024-07-07 18:18:31: Sauvegarde du fichier d'état H:/dernSol/_gsdata_/_file_state_v4._gs
2024-07-07 18:18:32: Sauvegarde du fichier d'état C:/Users/roadn/OneDrive/Python_bakup/dernSol/_gsdata_/_file_state_v4._gs
2024-07-07 18:18:32: == Sync Complete. Time: 00:00:02, Speed: 0.00/s, Elements synchronisés : 102, Erreurs : 0
