2024-07-17 05:35:43: == Sync Started by User Command
2024-07-17 05:35:43: ConnectCloned connected to file:///H:/dernSol
2024-07-17 05:35:43: ConnectCloned connected to file:///H:/dernSol
2024-07-17 05:35:43: ConnectCloned connected to file:///H:/dernSol
2024-07-17 05:35:43: ConnectCloned connected to file:///~roadn/OneDrive/Python_bakup/dernSol
2024-07-17 05:35:43: ConnectCloned connected to file:///~roadn/OneDrive/Python_bakup/dernSol
2024-07-17 05:35:43: ConnectCloned connected to file:///~roadn/OneDrive/Python_bakup/dernSol
2024-07-17 05:35:43: Nouvelle Copie 'H:/dernSol/.idea/DatabaseToolDbSqlDialect.xml' -> 'C:/Users/roadn/OneDrive/Python_bakup/dernSol/.idea/DatabaseToolDbSqlDialect.xml' (345)
2024-07-17 05:35:43: Nouvelle Copie 'H:/dernSol/01_Archiv_dernSol/240714 03h37 Actions et suggestion pour le chat.html' -> 'C:/Users/roadn/OneDrive/Python_bakup/dernSol/01_Archiv_dernSol/240714 03h37 Actions et suggestion pour le chat.html' (2,851)
2024-07-17 05:35:43: Nouvelle Copie 'H:/dernSol/01_Archiv_dernSol/240714 04h34 Actions et suggestion pour le chat.html' -> 'C:/Users/roadn/OneDrive/Python_bakup/dernSol/01_Archiv_dernSol/240714 04h34 Actions et suggestion pour le chat.html' (3,369)
2024-07-17 05:35:43: Création du dossier C:/Users/roadn/OneDrive/Python_bakup/dernSol/01_Archiv_dernSol/Modèle CustomUser
2024-07-17 05:35:43: Nouvelle Copie 'H:/dernSol/01_Archiv_dernSol/Modèle CustomUser/Vérifier et corriger probs éventuels du modèle CustomUser.html' -> 'C:/Users/roadn/OneDrive/Python_bakup/dernSol/01_Archiv_dernSol/Modèle CustomUser/Vérifier et corriger probs éventuels du modèle CustomUser.html' (7,914)
2024-07-17 05:35:43: Ecrasement 'H:/dernSol/01_Archiv_dernSol/Les calques avec Photoshop.html' -> 'C:/Users/roadn/OneDrive/Python_bakup/dernSol/01_Archiv_dernSol/Les calques avec Photoshop.html' (6,904)
2024-07-17 05:35:43: Ecrasement 'H:/dernSol/.venv/Lib/site-packages/django/contrib/auth/__pycache__/models.cpython-312.pyc' -> 'C:/Users/roadn/OneDrive/Python_bakup/dernSol/.venv/Lib/site-packages/django/contrib/auth/__pycache__/models.cpython-312.pyc' (23,307)
2024-07-17 05:35:43: Ecrasement 'H:/dernSol/.venv/Lib/site-packages/django/db/models/fields/__pycache__/related.cpython-312.pyc' -> 'C:/Users/roadn/OneDrive/Python_bakup/dernSol/.venv/Lib/site-packages/django/db/models/fields/__pycache__/related.cpython-312.pyc' (83,447)
2024-07-17 05:35:43: Ecrasement 'H:/dernSol/.venv/Lib/site-packages/django/contrib/auth/models.py' -> 'C:/Users/roadn/OneDrive/Python_bakup/dernSol/.venv/Lib/site-packages/django/contrib/auth/models.py' (16,611)
2024-07-17 05:35:43: Ecrasement 'H:/dernSol/.venv/Lib/site-packages/django/db/models/fields/related.py' -> 'C:/Users/roadn/OneDrive/Python_bakup/dernSol/.venv/Lib/site-packages/django/db/models/fields/related.py' (76,624)
2024-07-17 05:35:43: Création du dossier C:/Users/roadn/OneDrive/Python_bakup/dernSol/01_Archiv_dernSol/pwsh
2024-07-17 05:35:43: Ecrasement 'H:/dernSol/01_Archiv_dernSol/Modèle OK avec pre.html' -> 'C:/Users/roadn/OneDrive/Python_bakup/dernSol/01_Archiv_dernSol/Modèle OK avec pre.html' (3,989)
2024-07-17 05:35:43: Ecrasement 'H:/dernSol/01_Archiv_dernSol/tree_dernSol.html' -> 'C:/Users/roadn/OneDrive/Python_bakup/dernSol/01_Archiv_dernSol/tree_dernSol.html' (7,409)
2024-07-17 05:35:43: Ecrasement 'H:/dernSol/01_Archiv_dernSol/tree_dernSol.txt' -> 'C:/Users/roadn/OneDrive/Python_bakup/dernSol/01_Archiv_dernSol/tree_dernSol.txt' (7,372)
2024-07-17 05:35:43: Nouvelle Copie 'H:/dernSol/01_Archiv_dernSol/pwsh/Get-ChildItem -Path H dernSol accounts migrations 0  Remove-Item.txt' -> 'C:/Users/roadn/OneDrive/Python_bakup/dernSol/01_Archiv_dernSol/pwsh/Get-ChildItem -Path H dernSol accounts migrations 0  Remove-Item.txt' (138)
2024-07-17 05:35:43: Nouvelle Copie 'H:/dernSol/01_Archiv_dernSol/pwsh/Supprimer les fichiers de migration existants.txt' -> 'C:/Users/roadn/OneDrive/Python_bakup/dernSol/01_Archiv_dernSol/pwsh/Supprimer les fichiers de migration existants.txt' (177)
2024-07-17 05:35:43: Nouvelle Copie 'H:/dernSol/01_Archiv_dernSol/Vérifier si des éléments essentiels manquent à l'application chat.html' -> 'C:/Users/roadn/OneDrive/Python_bakup/dernSol/01_Archiv_dernSol/Vérifier si des éléments essentiels manquent à l'application chat.html' (5,610)
2024-07-17 05:35:43: Nouvelle Copie 'H:/dernSol/.idea/encodings.xml' -> 'C:/Users/roadn/OneDrive/Python_bakup/dernSol/.idea/encodings.xml' (220)
2024-07-17 05:35:43: Ecrasement 'H:/dernSol/.idea/DatabaseToolSources.xml' -> 'C:/Users/roadn/OneDrive/Python_bakup/dernSol/.idea/DatabaseToolSources.xml' (2,282)
2024-07-17 05:35:43: Nouvelle Copie 'H:/dernSol/.idea/SqlFileSource.xml' -> 'C:/Users/roadn/OneDrive/Python_bakup/dernSol/.idea/SqlFileSource.xml' (363)
2024-07-17 05:35:43: Création du dossier C:/Users/roadn/OneDrive/Python_bakup/dernSol/accounts
2024-07-17 05:35:43: Nouvelle Copie 'H:/dernSol/accounts/__init__.py' -> 'C:/Users/roadn/OneDrive/Python_bakup/dernSol/accounts/__init__.py' (0)
2024-07-17 05:35:43: Ecrasement 'H:/dernSol/.git/index' -> 'C:/Users/roadn/OneDrive/Python_bakup/dernSol/.git/index' (17,403)
2024-07-17 05:35:43: Nouvelle Copie 'H:/dernSol/.git/objects/02/74750e4a23cecc11155b397142a6b4ab689855' -> 'C:/Users/roadn/OneDrive/Python_bakup/dernSol/.git/objects/02/74750e4a23cecc11155b397142a6b4ab689855' (458)
2024-07-17 05:35:43: Création du dossier C:/Users/roadn/OneDrive/Python_bakup/dernSol/accounts/__pycache__
2024-07-17 05:35:43: Nouvelle Copie 'H:/dernSol/accounts/apps.py' -> 'C:/Users/roadn/OneDrive/Python_bakup/dernSol/accounts/apps.py' (154)
2024-07-17 05:35:43: Nouvelle Copie 'H:/dernSol/accounts/admin.py' -> 'C:/Users/roadn/OneDrive/Python_bakup/dernSol/accounts/admin.py' (66)
2024-07-17 05:35:43: Ecrasement 'H:/dernSol/.idea/workspace.xml' -> 'C:/Users/roadn/OneDrive/Python_bakup/dernSol/.idea/workspace.xml' (51,250)
2024-07-17 05:35:43: Nouvelle Copie 'H:/dernSol/accounts/__pycache__/__init__.cpython-312.pyc' -> 'C:/Users/roadn/OneDrive/Python_bakup/dernSol/accounts/__pycache__/__init__.cpython-312.pyc' (128)
2024-07-17 05:35:43: Nouvelle Copie 'H:/dernSol/accounts/__pycache__/admin.cpython-312.pyc' -> 'C:/Users/roadn/OneDrive/Python_bakup/dernSol/accounts/__pycache__/admin.cpython-312.pyc' (172)
2024-07-17 05:35:43: Nouvelle Copie 'H:/dernSol/accounts/__pycache__/apps.cpython-312.pyc' -> 'C:/Users/roadn/OneDrive/Python_bakup/dernSol/accounts/__pycache__/apps.cpython-312.pyc' (438)
2024-07-17 05:35:43: Nouvelle Copie 'H:/dernSol/accounts/__pycache__/models.cpython-312.pyc' -> 'C:/Users/roadn/OneDrive/Python_bakup/dernSol/accounts/__pycache__/models.cpython-312.pyc' (2,441)
2024-07-17 05:35:43: Nouvelle Copie 'H:/dernSol/accounts/__pycache__/forms.cpython-312.pyc' -> 'C:/Users/roadn/OneDrive/Python_bakup/dernSol/accounts/__pycache__/forms.cpython-312.pyc' (1,199)
2024-07-17 05:35:43: Nouvelle Copie 'H:/dernSol/accounts/__pycache__/tests.cpython-312.pyc' -> 'C:/Users/roadn/OneDrive/Python_bakup/dernSol/accounts/__pycache__/tests.cpython-312.pyc' (1,785)
2024-07-17 05:35:43: Nouvelle Copie 'H:/dernSol/accounts/__pycache__/urls.cpython-312.pyc' -> 'C:/Users/roadn/OneDrive/Python_bakup/dernSol/accounts/__pycache__/urls.cpython-312.pyc' (381)
2024-07-17 05:35:43: Nouvelle Copie 'H:/dernSol/accounts/__pycache__/views.cpython-312.pyc' -> 'C:/Users/roadn/OneDrive/Python_bakup/dernSol/accounts/__pycache__/views.cpython-312.pyc' (1,405)
2024-07-17 05:35:43: Création du dossier C:/Users/roadn/OneDrive/Python_bakup/dernSol/accounts/migrations
2024-07-17 05:35:43: Création du dossier C:/Users/roadn/OneDrive/Python_bakup/dernSol/accounts/templates
2024-07-17 05:35:43: Nouvelle Copie 'H:/dernSol/accounts/migrations/0001_initial.py' -> 'C:/Users/roadn/OneDrive/Python_bakup/dernSol/accounts/migrations/0001_initial.py' (3,068)
2024-07-17 05:35:43: Création du dossier C:/Users/roadn/OneDrive/Python_bakup/dernSol/accounts/templates/accounts
2024-07-17 05:35:43: Nouvelle Copie 'H:/dernSol/accounts/migrations/0002_alter_customuser_options_alter_customuser_managers_and_more.py' -> 'C:/Users/roadn/OneDrive/Python_bakup/dernSol/accounts/migrations/0002_alter_customuser_options_alter_customuser_managers_and_more.py' (1,711)
2024-07-17 05:35:43: Nouvelle Copie 'H:/dernSol/accounts/forms.py' -> 'C:/Users/roadn/OneDrive/Python_bakup/dernSol/accounts/forms.py' (538)
2024-07-17 05:35:43: Déplacement C:/Users/roadn/OneDrive/Python_bakup/dernSol/chat/templates/chat/signup.html -> C:/Users/roadn/OneDrive/Python_bakup/dernSol/accounts/templates/accounts/signup.html
2024-07-17 05:35:43: Nouvelle Copie 'H:/dernSol/accounts/models.py' -> 'C:/Users/roadn/OneDrive/Python_bakup/dernSol/accounts/models.py' (1,367)
2024-07-17 05:35:43: Nouvelle Copie 'H:/dernSol/accounts/templates/accounts/login.html' -> 'C:/Users/roadn/OneDrive/Python_bakup/dernSol/accounts/templates/accounts/login.html' (837)
2024-07-17 05:35:43: Nouvelle Copie 'H:/dernSol/accounts/migrations/__init__.py' -> 'C:/Users/roadn/OneDrive/Python_bakup/dernSol/accounts/migrations/__init__.py' (0)
2024-07-17 05:35:43: Création du dossier C:/Users/roadn/OneDrive/Python_bakup/dernSol/accounts/migrations/__pycache__
2024-07-17 05:35:43: Nouvelle Copie 'H:/dernSol/accounts/migrations/0003_customuser_last_ip.py' -> 'C:/Users/roadn/OneDrive/Python_bakup/dernSol/accounts/migrations/0003_customuser_last_ip.py' (469)
2024-07-17 05:35:43: Nouvelle Copie 'H:/dernSol/accounts/migrations/__pycache__/0001_initial.cpython-312.pyc' -> 'C:/Users/roadn/OneDrive/Python_bakup/dernSol/accounts/migrations/__pycache__/0001_initial.cpython-312.pyc' (3,782)
2024-07-17 05:35:43: Nouvelle Copie 'H:/dernSol/accounts/migrations/__pycache__/0002_alter_customuser_options_alter_customuser_managers_and_more.cpython-312.pyc' -> 'C:/Users/roadn/OneDrive/Python_bakup/dernSol/accounts/migrations/__pycache__/0002_alter_customuser_options_alter_customuser_managers_and_more.cpython-312.pyc' (1,845)
2024-07-17 05:35:43: Nouvelle Copie 'H:/dernSol/accounts/migrations/__pycache__/0003_customuser_last_ip.cpython-312.pyc' -> 'C:/Users/roadn/OneDrive/Python_bakup/dernSol/accounts/migrations/__pycache__/0003_customuser_last_ip.cpython-312.pyc' (780)
2024-07-17 05:35:43: Nouvelle Copie 'H:/dernSol/accounts/tests.py' -> 'C:/Users/roadn/OneDrive/Python_bakup/dernSol/accounts/tests.py' (844)
2024-07-17 05:35:43: Nouvelle Copie 'H:/dernSol/accounts/urls.py' -> 'C:/Users/roadn/OneDrive/Python_bakup/dernSol/accounts/urls.py' (220)
2024-07-17 05:35:43: Nouvelle Copie 'H:/dernSol/accounts/migrations/__pycache__/__init__.cpython-312.pyc' -> 'C:/Users/roadn/OneDrive/Python_bakup/dernSol/accounts/migrations/__pycache__/__init__.cpython-312.pyc' (139)
2024-07-17 05:35:43: Nouvelle Copie 'H:/dernSol/.git/objects/0d/94aaa67253a2e09a7ecec2dc93e75b920be265' -> 'C:/Users/roadn/OneDrive/Python_bakup/dernSol/.git/objects/0d/94aaa67253a2e09a7ecec2dc93e75b920be265' (10,231)
2024-07-17 05:35:43: Nouvelle Copie 'H:/dernSol/.git/objects/15/d17b81d782300b372f1fcfbf3a9db7c9bd236f' -> 'C:/Users/roadn/OneDrive/Python_bakup/dernSol/.git/objects/15/d17b81d782300b372f1fcfbf3a9db7c9bd236f' (529)
2024-07-17 05:35:43: Nouvelle Copie 'H:/dernSol/.git/objects/24/136dfbf7d4742dbb429ca796002dd77e4f26a1' -> 'C:/Users/roadn/OneDrive/Python_bakup/dernSol/.git/objects/24/136dfbf7d4742dbb429ca796002dd77e4f26a1' (635)
2024-07-17 05:35:43: Nouvelle Copie 'H:/dernSol/accounts/views.py' -> 'C:/Users/roadn/OneDrive/Python_bakup/dernSol/accounts/views.py' (942)
2024-07-17 05:35:43: Ecrasement 'H:/dernSol/.git/objects/1d/37df19507117338e854e553f34e9bbc5f79ae4' -> 'C:/Users/roadn/OneDrive/Python_bakup/dernSol/.git/objects/1d/37df19507117338e854e553f34e9bbc5f79ae4' (234,022)
2024-07-17 05:35:43: Création du dossier C:/Users/roadn/OneDrive/Python_bakup/dernSol/.git/objects/33
2024-07-17 05:35:43: Ecrasement 'H:/dernSol/.git/objects/2f/5eaa0496c42e32b9fd0e1f8cc1065dc18ba979' -> 'C:/Users/roadn/OneDrive/Python_bakup/dernSol/.git/objects/2f/5eaa0496c42e32b9fd0e1f8cc1065dc18ba979' (340)
2024-07-17 05:35:43: Ecrasement 'H:/dernSol/.git/objects/2f/6f698c250c1662e1ab0fc790d8a654b8706a84' -> 'C:/Users/roadn/OneDrive/Python_bakup/dernSol/.git/objects/2f/6f698c250c1662e1ab0fc790d8a654b8706a84' (362)
2024-07-17 05:35:43: Nouvelle Copie 'H:/dernSol/.git/objects/33/dad4429c6e602375a4c6e2e6f6b82a920ba224' -> 'C:/Users/roadn/OneDrive/Python_bakup/dernSol/.git/objects/33/dad4429c6e602375a4c6e2e6f6b82a920ba224' (5,230)
2024-07-17 05:35:43: Nouvelle Copie 'H:/dernSol/.git/objects/38/191c812b5ec8cdb026937b4551c5816c9a3891' -> 'C:/Users/roadn/OneDrive/Python_bakup/dernSol/.git/objects/38/191c812b5ec8cdb026937b4551c5816c9a3891' (2,687)
2024-07-17 05:35:43: Nouvelle Copie 'H:/dernSol/.git/objects/3c/55f1757c6c69a51a17640ca7a23f9ef05c11c1' -> 'C:/Users/roadn/OneDrive/Python_bakup/dernSol/.git/objects/3c/55f1757c6c69a51a17640ca7a23f9ef05c11c1' (1,254)
2024-07-17 05:35:43: Nouvelle Copie 'H:/dernSol/.git/objects/3e/3c76595bcab116bb99a1722e542e07cdd23c71' -> 'C:/Users/roadn/OneDrive/Python_bakup/dernSol/.git/objects/3e/3c76595bcab116bb99a1722e542e07cdd23c71' (128)
2024-07-17 05:35:43: Nouvelle Copie 'H:/dernSol/.git/objects/3d/7f2f0a77fe5811e389289d30ab28d1c2959c93' -> 'C:/Users/roadn/OneDrive/Python_bakup/dernSol/.git/objects/3d/7f2f0a77fe5811e389289d30ab28d1c2959c93' (7,948)
2024-07-17 05:35:43: Ecrasement 'H:/dernSol/.git/objects/3c/643d93dd2ab900251a8882b8d9febde0f594d0' -> 'C:/Users/roadn/OneDrive/Python_bakup/dernSol/.git/objects/3c/643d93dd2ab900251a8882b8d9febde0f594d0' (281)
2024-07-17 05:35:43: Nouvelle Copie 'H:/dernSol/.git/objects/43/adcbc0f1a4f1c5950ee96fda7f2f34c5611b35' -> 'C:/Users/roadn/OneDrive/Python_bakup/dernSol/.git/objects/43/adcbc0f1a4f1c5950ee96fda7f2f34c5611b35' (455)
2024-07-17 05:35:43: Nouvelle Copie 'H:/dernSol/.git/objects/43/e4ab0a790137c7dc26f6b6f6e521a077d1c3ff' -> 'C:/Users/roadn/OneDrive/Python_bakup/dernSol/.git/objects/43/e4ab0a790137c7dc26f6b6f6e521a077d1c3ff' (512)
2024-07-17 05:35:43: Nouvelle Copie 'H:/dernSol/.git/objects/49/826776197618eb426c14ba57d0f617a857c14a' -> 'C:/Users/roadn/OneDrive/Python_bakup/dernSol/.git/objects/49/826776197618eb426c14ba57d0f617a857c14a' (2,772)
2024-07-17 05:35:43: Nouvelle Copie 'H:/dernSol/.git/objects/60/288004aca6c809584427a34e2266a3c7feafda' -> 'C:/Users/roadn/OneDrive/Python_bakup/dernSol/.git/objects/60/288004aca6c809584427a34e2266a3c7feafda' (156)
2024-07-17 05:35:43: Nouvelle Copie 'H:/dernSol/.git/objects/62/35a895fadefc439a9476c2967821d4145da680' -> 'C:/Users/roadn/OneDrive/Python_bakup/dernSol/.git/objects/62/35a895fadefc439a9476c2967821d4145da680' (540)
2024-07-17 05:35:43: Ecrasement 'H:/dernSol/.git/objects/4b/dcfcb8ddf83909b37899b4a6cd01cf0932ea69' -> 'C:/Users/roadn/OneDrive/Python_bakup/dernSol/.git/objects/4b/dcfcb8ddf83909b37899b4a6cd01cf0932ea69' (117)
2024-07-17 05:35:43: Création du dossier C:/Users/roadn/OneDrive/Python_bakup/dernSol/.git/objects/75
2024-07-17 05:35:43: Nouvelle Copie 'H:/dernSol/.git/objects/63/59b756395db83de1a8e24abf4d62ecf32ee977' -> 'C:/Users/roadn/OneDrive/Python_bakup/dernSol/.git/objects/63/59b756395db83de1a8e24abf4d62ecf32ee977' (7,952)
2024-07-17 05:35:43: Ecrasement 'H:/dernSol/.git/objects/6d/3adb52214ad19ddc5c4eb0827d780db74802c3' -> 'C:/Users/roadn/OneDrive/Python_bakup/dernSol/.git/objects/6d/3adb52214ad19ddc5c4eb0827d780db74802c3' (2,264)
2024-07-17 05:35:43: Création du dossier C:/Users/roadn/OneDrive/Python_bakup/dernSol/.git/objects/76
2024-07-17 05:35:43: Nouvelle Copie 'H:/dernSol/.git/objects/75/a37d6324e3264ef2e64d8b4a63039fa4a8e0ed' -> 'C:/Users/roadn/OneDrive/Python_bakup/dernSol/.git/objects/75/a37d6324e3264ef2e64d8b4a63039fa4a8e0ed' (5,836)
2024-07-17 05:35:43: Ecrasement 'H:/dernSol/.git/objects/71/a836239075aa6e6e4ecb700e9c42c95c022d91' -> 'C:/Users/roadn/OneDrive/Python_bakup/dernSol/.git/objects/71/a836239075aa6e6e4ecb700e9c42c95c022d91' (68)
2024-07-17 05:35:43: Nouvelle Copie 'H:/dernSol/.git/objects/76/0826f606bc621458023c8e00bae48b75bcd32f' -> 'C:/Users/roadn/OneDrive/Python_bakup/dernSol/.git/objects/76/0826f606bc621458023c8e00bae48b75bcd32f' (275)
2024-07-17 05:35:43: Ecrasement 'H:/dernSol/.git/objects/7c/e503c2dd97ba78597f6ff6e4393132753573f6' -> 'C:/Users/roadn/OneDrive/Python_bakup/dernSol/.git/objects/7c/e503c2dd97ba78597f6ff6e4393132753573f6' (72)
2024-07-17 05:35:43: Ecrasement 'H:/dernSol/.git/objects/8c/38f3f3dad51e4585f3984282c2a4bec5349c1e' -> 'C:/Users/roadn/OneDrive/Python_bakup/dernSol/.git/objects/8c/38f3f3dad51e4585f3984282c2a4bec5349c1e' (77)
2024-07-17 05:35:43: Ecrasement 'H:/dernSol/.git/objects/91/ea44a218fbd2f408430959283f0419c921093e' -> 'C:/Users/roadn/OneDrive/Python_bakup/dernSol/.git/objects/91/ea44a218fbd2f408430959283f0419c921093e' (77)
2024-07-17 05:35:43: Nouvelle Copie 'H:/dernSol/.git/objects/9b/55a72cd1b749be66df635bae38a09328d81311' -> 'C:/Users/roadn/OneDrive/Python_bakup/dernSol/.git/objects/9b/55a72cd1b749be66df635bae38a09328d81311' (1,906)
2024-07-17 05:35:43: Ecrasement 'H:/dernSol/.git/objects/a1/531e2806c20bfed7dcb7ad3744c3602caf67fe' -> 'C:/Users/roadn/OneDrive/Python_bakup/dernSol/.git/objects/a1/531e2806c20bfed7dcb7ad3744c3602caf67fe' (2,019)
2024-07-17 05:35:43: Création du dossier C:/Users/roadn/OneDrive/Python_bakup/dernSol/.git/objects/bd
2024-07-17 05:35:43: Ecrasement 'H:/dernSol/.git/objects/a3/8910a91374c072c3cdd7c6a185f94ca647378b' -> 'C:/Users/roadn/OneDrive/Python_bakup/dernSol/.git/objects/a3/8910a91374c072c3cdd7c6a185f94ca647378b' (282)
2024-07-17 05:35:43: Ecrasement 'H:/dernSol/.git/objects/af/a528a11ab0caa9060146f585b9b31aa391229d' -> 'C:/Users/roadn/OneDrive/Python_bakup/dernSol/.git/objects/af/a528a11ab0caa9060146f585b9b31aa391229d' (560)
2024-07-17 05:35:43: Nouvelle Copie 'H:/dernSol/.git/objects/bd/34809767a15794461b32329647196fe55ee10b' -> 'C:/Users/roadn/OneDrive/Python_bakup/dernSol/.git/objects/bd/34809767a15794461b32329647196fe55ee10b' (314)
2024-07-17 05:35:43: Nouvelle Copie 'H:/dernSol/.git/objects/be/9b7e8c9807013de0df665dc8b9ec81dd3989fe' -> 'C:/Users/roadn/OneDrive/Python_bakup/dernSol/.git/objects/be/9b7e8c9807013de0df665dc8b9ec81dd3989fe' (1,124)
2024-07-17 05:35:43: Nouvelle Copie 'H:/dernSol/.git/objects/c3/7c54773fc308d9f5e308552607a52e1dd0439a' -> 'C:/Users/roadn/OneDrive/Python_bakup/dernSol/.git/objects/c3/7c54773fc308d9f5e308552607a52e1dd0439a' (2,452)
2024-07-17 05:35:43: Nouvelle Copie 'H:/dernSol/.git/objects/d7/0190cab5ba792ef5aff1fe8aaf679301dc3a3b' -> 'C:/Users/roadn/OneDrive/Python_bakup/dernSol/.git/objects/d7/0190cab5ba792ef5aff1fe8aaf679301dc3a3b' (1,483)
2024-07-17 05:35:43: Nouvelle Copie 'H:/dernSol/.git/objects/db/42c510aed241e8f7dd64d83b4dc01612ca2bff' -> 'C:/Users/roadn/OneDrive/Python_bakup/dernSol/.git/objects/db/42c510aed241e8f7dd64d83b4dc01612ca2bff' (740)
2024-07-17 05:35:43: Nouvelle Copie 'H:/dernSol/.git/objects/db/e4866c8bd2eaf0a22dcd4cfec2bdb7126fa5e6' -> 'C:/Users/roadn/OneDrive/Python_bakup/dernSol/.git/objects/db/e4866c8bd2eaf0a22dcd4cfec2bdb7126fa5e6' (1,536)
2024-07-17 05:35:43: Nouvelle Copie 'H:/dernSol/.git/objects/e0/9190350975a2f865db1dd974cb7e9bdd712267' -> 'C:/Users/roadn/OneDrive/Python_bakup/dernSol/.git/objects/e0/9190350975a2f865db1dd974cb7e9bdd712267' (1,132)
2024-07-17 05:35:43: Nouvelle Copie 'H:/dernSol/.git/objects/f1/ddc776357d11ec155d55068b07350671badaed' -> 'C:/Users/roadn/OneDrive/Python_bakup/dernSol/.git/objects/f1/ddc776357d11ec155d55068b07350671badaed' (7,734)
2024-07-17 05:35:43: Nouvelle Copie 'H:/dernSol/.git/objects/ee/6b46316cae077e0f31348c250a6cb87a8db5de' -> 'C:/Users/roadn/OneDrive/Python_bakup/dernSol/.git/objects/ee/6b46316cae077e0f31348c250a6cb87a8db5de' (565)
2024-07-17 05:35:43: Nouvelle Copie 'H:/dernSol/.git/objects/f9/17bc58d45b2bc0bc843f5e1f6a53b8f0983b96' -> 'C:/Users/roadn/OneDrive/Python_bakup/dernSol/.git/objects/f9/17bc58d45b2bc0bc843f5e1f6a53b8f0983b96' (1,132)
2024-07-17 05:35:43: Ecrasement 'H:/dernSol/.git/objects/e6/9de29bb2d1d6434b8b29ae775ad8c2e48c5391' -> 'C:/Users/roadn/OneDrive/Python_bakup/dernSol/.git/objects/e6/9de29bb2d1d6434b8b29ae775ad8c2e48c5391' (15)
2024-07-17 05:35:43: Ecrasement 'H:/dernSol/.git/objects/f3/d093a95ba5b411f2981e035be6f13466342815' -> 'C:/Users/roadn/OneDrive/Python_bakup/dernSol/.git/objects/f3/d093a95ba5b411f2981e035be6f13466342815' (197)
2024-07-17 05:35:43: Ecrasement 'H:/dernSol/chat/forms.py' -> 'C:/Users/roadn/OneDrive/Python_bakup/dernSol/chat/forms.py' (770)
2024-07-17 05:35:44: Ecrasement 'H:/dernSol/chat/__pycache__/models.cpython-312.pyc' -> 'C:/Users/roadn/OneDrive/Python_bakup/dernSol/chat/__pycache__/models.cpython-312.pyc' (4,880)
2024-07-17 05:35:44: Suppression du fichier C:/Users/roadn/OneDrive/Python_bakup/dernSol/chat/__pycache__/tests.cpython-312.pyc
2024-07-17 05:35:44: Ecrasement 'H:/dernSol/chat/__pycache__/forms.cpython-312.pyc' -> 'C:/Users/roadn/OneDrive/Python_bakup/dernSol/chat/__pycache__/forms.cpython-312.pyc' (1,892)
2024-07-17 05:35:44: Suppression du fichier C:/Users/roadn/OneDrive/Python_bakup/dernSol/chat/__pycache__/tests_1.cpython-312.pyc
2024-07-17 05:35:44: Ecrasement 'H:/dernSol/chat/__pycache__/urls.cpython-312.pyc' -> 'C:/Users/roadn/OneDrive/Python_bakup/dernSol/chat/__pycache__/urls.cpython-312.pyc' (1,305)
2024-07-17 05:35:44: Ecrasement 'H:/dernSol/chat/__pycache__/views.cpython-312.pyc' -> 'C:/Users/roadn/OneDrive/Python_bakup/dernSol/chat/__pycache__/views.cpython-312.pyc' (11,586)
2024-07-17 05:35:44: Ecrasement 'H:/dernSol/chat/middleware.py' -> 'C:/Users/roadn/OneDrive/Python_bakup/dernSol/chat/middleware.py' (1,154)
2024-07-17 05:35:44: Suppression du fichier C:/Users/roadn/OneDrive/Python_bakup/dernSol/chat/migrations/0002_myuser_user_permissions.py
2024-07-17 05:35:44: Suppression du fichier C:/Users/roadn/OneDrive/Python_bakup/dernSol/chat/migrations/0003_alter_myuser_options_alter_myuser_managers_and_more.py
2024-07-17 05:35:44: Ecrasement 'H:/dernSol/chat/models.py' -> 'C:/Users/roadn/OneDrive/Python_bakup/dernSol/chat/models.py' (2,542)
2024-07-17 05:35:44: Ecrasement 'H:/dernSol/chat/migrations/0001_initial.py' -> 'C:/Users/roadn/OneDrive/Python_bakup/dernSol/chat/migrations/0001_initial.py' (3,304)
2024-07-17 05:35:44: Suppression du fichier C:/Users/roadn/OneDrive/Python_bakup/dernSol/chat/migrations/0004_remove_myuser_groups_remove_myuser_user_permissions_and_more.py
2024-07-17 05:35:44: Suppression du fichier C:/Users/roadn/OneDrive/Python_bakup/dernSol/chat/migrations/0005_article_likes.py
2024-07-17 05:35:44: Suppression du fichier C:/Users/roadn/OneDrive/Python_bakup/dernSol/chat/migrations/__pycache__/0002_myuser_user_permissions.cpython-312.pyc
2024-07-17 05:35:44: Suppression du fichier C:/Users/roadn/OneDrive/Python_bakup/dernSol/chat/templates/chat/article_list_1.html
2024-07-17 05:35:44: Ecrasement 'H:/dernSol/chat/migrations/__pycache__/0001_initial.cpython-312.pyc' -> 'C:/Users/roadn/OneDrive/Python_bakup/dernSol/chat/migrations/__pycache__/0001_initial.cpython-312.pyc' (4,296)
2024-07-17 05:35:44: Suppression du fichier C:/Users/roadn/OneDrive/Python_bakup/dernSol/chat/templates/chat/article_detail_1.html
2024-07-17 05:35:44: Nouvelle Copie 'H:/dernSol/chat/templates/chat/inbox.html' -> 'C:/Users/roadn/OneDrive/Python_bakup/dernSol/chat/templates/chat/inbox.html' (268)
2024-07-17 05:35:44: Ecrasement 'H:/dernSol/chat/templates/chat/base_generic.html' -> 'C:/Users/roadn/OneDrive/Python_bakup/dernSol/chat/templates/chat/base_generic.html' (2,464)
2024-07-17 05:35:44: Nouvelle Copie 'H:/dernSol/chat/templates/chat/notifications.html' -> 'C:/Users/roadn/OneDrive/Python_bakup/dernSol/chat/templates/chat/notifications.html' (411)
2024-07-17 05:35:44: Nouvelle Copie 'H:/dernSol/chat/templates/chat/send_message.html' -> 'C:/Users/roadn/OneDrive/Python_bakup/dernSol/chat/templates/chat/send_message.html' (189)
2024-07-17 05:35:44: Suppression du fichier C:/Users/roadn/OneDrive/Python_bakup/dernSol/chat/migrations/__pycache__/0003_alter_myuser_options_alter_myuser_managers_and_more.cpython-312.pyc
2024-07-17 05:35:44: Ecrasement 'H:/dernSol/chat/templates/chat/navbar.html' -> 'C:/Users/roadn/OneDrive/Python_bakup/dernSol/chat/templates/chat/navbar.html' (4,472)
2024-07-17 05:35:44: Ecrasement 'H:/dernSol/chat/templates/chat/index.html' -> 'C:/Users/roadn/OneDrive/Python_bakup/dernSol/chat/templates/chat/index.html' (4,069)
2024-07-17 05:35:44: Suppression du fichier C:/Users/roadn/OneDrive/Python_bakup/dernSol/chat/migrations/__pycache__/0004_remove_myuser_groups_remove_myuser_user_permissions_and_more.cpython-312.pyc
2024-07-17 05:35:44: Création du dossier C:/Users/roadn/OneDrive/Python_bakup/dernSol/chat/tests
2024-07-17 05:35:44: Suppression du fichier C:/Users/roadn/OneDrive/Python_bakup/dernSol/chat/migrations/__pycache__/0005_article_likes.cpython-312.pyc
2024-07-17 05:35:44: Suppression du fichier C:/Users/roadn/OneDrive/Python_bakup/dernSol/chat/tests.py
2024-07-17 05:35:44: Suppression du fichier C:/Users/roadn/OneDrive/Python_bakup/dernSol/chat/tests_1.py
2024-07-17 05:35:44: Nouvelle Copie 'H:/dernSol/chat/tests/__init__.py' -> 'C:/Users/roadn/OneDrive/Python_bakup/dernSol/chat/tests/__init__.py' (0)
2024-07-17 05:35:44: Création du dossier C:/Users/roadn/OneDrive/Python_bakup/dernSol/chat/tests/__pycache__
2024-07-17 05:35:44: Nouvelle Copie 'H:/dernSol/chat/tests/Modèle OK avec pre.html' -> 'C:/Users/roadn/OneDrive/Python_bakup/dernSol/chat/tests/Modèle OK avec pre.html' (3,989)
2024-07-17 05:35:44: Nouvelle Copie 'H:/dernSol/chat/tests/test_forms.py' -> 'C:/Users/roadn/OneDrive/Python_bakup/dernSol/chat/tests/test_forms.py' (1,251)
2024-07-17 05:35:44: Nouvelle Copie 'H:/dernSol/chat/tests/Organisation des tests.html' -> 'C:/Users/roadn/OneDrive/Python_bakup/dernSol/chat/tests/Organisation des tests.html' (7,000)
2024-07-17 05:35:44: Nouvelle Copie 'H:/dernSol/chat/tests/__pycache__/__init__.cpython-312.pyc' -> 'C:/Users/roadn/OneDrive/Python_bakup/dernSol/chat/tests/__pycache__/__init__.cpython-312.pyc' (130)
2024-07-17 05:35:44: Nouvelle Copie 'H:/dernSol/chat/tests/__pycache__/test_integration.cpython-312.pyc' -> 'C:/Users/roadn/OneDrive/Python_bakup/dernSol/chat/tests/__pycache__/test_integration.cpython-312.pyc' (2,258)
2024-07-17 05:35:44: Nouvelle Copie 'H:/dernSol/chat/tests/__pycache__/test_forms.cpython-312.pyc' -> 'C:/Users/roadn/OneDrive/Python_bakup/dernSol/chat/tests/__pycache__/test_forms.cpython-312.pyc' (2,534)
2024-07-17 05:35:44: Nouvelle Copie 'H:/dernSol/chat/tests/__pycache__/test_models.cpython-312.pyc' -> 'C:/Users/roadn/OneDrive/Python_bakup/dernSol/chat/tests/__pycache__/test_models.cpython-312.pyc' (4,369)
2024-07-17 05:35:44: Nouvelle Copie 'H:/dernSol/chat/tests/__pycache__/test_notifications.cpython-312.pyc' -> 'C:/Users/roadn/OneDrive/Python_bakup/dernSol/chat/tests/__pycache__/test_notifications.cpython-312.pyc' (2,722)
2024-07-17 05:35:44: Nouvelle Copie 'H:/dernSol/chat/tests/__pycache__/test_user_model.cpython-312.pyc' -> 'C:/Users/roadn/OneDrive/Python_bakup/dernSol/chat/tests/__pycache__/test_user_model.cpython-312.pyc' (857)
2024-07-17 05:35:44: Nouvelle Copie 'H:/dernSol/chat/tests/__pycache__/test_views.cpython-312.pyc' -> 'C:/Users/roadn/OneDrive/Python_bakup/dernSol/chat/tests/__pycache__/test_views.cpython-312.pyc' (3,100)
2024-07-17 05:35:44: Nouvelle Copie 'H:/dernSol/chat/tests/__pycache__/tests_b.cpython-312.pyc' -> 'C:/Users/roadn/OneDrive/Python_bakup/dernSol/chat/tests/__pycache__/tests_b.cpython-312.pyc' (2,448)
2024-07-17 05:35:44: Nouvelle Copie 'H:/dernSol/chat/tests/__pycache__/tests_1.cpython-312.pyc' -> 'C:/Users/roadn/OneDrive/Python_bakup/dernSol/chat/tests/__pycache__/tests_1.cpython-312.pyc' (974)
2024-07-17 05:35:44: Nouvelle Copie 'H:/dernSol/chat/tests/test_integration.py' -> 'C:/Users/roadn/OneDrive/Python_bakup/dernSol/chat/tests/test_integration.py' (1,202)
2024-07-17 05:35:44: Nouvelle Copie 'H:/dernSol/chat/tests/test_models.py' -> 'C:/Users/roadn/OneDrive/Python_bakup/dernSol/chat/tests/test_models.py' (1,938)
2024-07-17 05:35:44: Nouvelle Copie 'H:/dernSol/chat/tests/test_notifications.py' -> 'C:/Users/roadn/OneDrive/Python_bakup/dernSol/chat/tests/test_notifications.py' (1,331)
2024-07-17 05:35:44: Nouvelle Copie 'H:/dernSol/chat/tests/test_user_model.py' -> 'C:/Users/roadn/OneDrive/Python_bakup/dernSol/chat/tests/test_user_model.py' (328)
2024-07-17 05:35:44: Nouvelle Copie 'H:/dernSol/chat/tests/test_views.py' -> 'C:/Users/roadn/OneDrive/Python_bakup/dernSol/chat/tests/test_views.py' (1,644)
2024-07-17 05:35:44: Nouvelle Copie 'H:/dernSol/chat/tests/tests_1.py' -> 'C:/Users/roadn/OneDrive/Python_bakup/dernSol/chat/tests/tests_1.py' (342)
2024-07-17 05:35:44: Nouvelle Copie 'H:/dernSol/chat/tests/tests_b.py' -> 'C:/Users/roadn/OneDrive/Python_bakup/dernSol/chat/tests/tests_b.py' (1,093)
2024-07-17 05:35:44: Ecrasement 'H:/dernSol/.git/objects/f9/928f086b270ef5e7828c14bf1c9509cf6a9157' -> 'C:/Users/roadn/OneDrive/Python_bakup/dernSol/.git/objects/f9/928f086b270ef5e7828c14bf1c9509cf6a9157' (547)
2024-07-17 05:35:44: Ecrasement 'H:/dernSol/chat/views.py' -> 'C:/Users/roadn/OneDrive/Python_bakup/dernSol/chat/views.py' (6,823)
2024-07-17 05:35:44: Nouvelle Copie 'H:/dernSol/collected_codes.txt' -> 'C:/Users/roadn/OneDrive/Python_bakup/dernSol/collected_codes.txt' (7,233)
2024-07-17 05:35:44: Ecrasement 'H:/dernSol/chat/urls.py' -> 'C:/Users/roadn/OneDrive/Python_bakup/dernSol/chat/urls.py' (985)
2024-07-17 05:35:44: Nouvelle Copie 'H:/dernSol/copy_files.py' -> 'C:/Users/roadn/OneDrive/Python_bakup/dernSol/copy_files.py' (1,194)
2024-07-17 05:35:44: Nouvelle Copie 'H:/dernSol/copy_files_code.py' -> 'C:/Users/roadn/OneDrive/Python_bakup/dernSol/copy_files_code.py' (942)
2024-07-17 05:35:44: Nouvelle Copie 'H:/dernSol/copy_specific_files.py' -> 'C:/Users/roadn/OneDrive/Python_bakup/dernSol/copy_specific_files.py' (2,036)
2024-07-17 05:35:44: Nouvelle Copie 'H:/dernSol/copy_specific_files_1.py' -> 'C:/Users/roadn/OneDrive/Python_bakup/dernSol/copy_specific_files_1.py' (2,084)
2024-07-17 05:35:44: Nouvelle Copie 'H:/dernSol/copy_specific_files_1_codes.txt' -> 'C:/Users/roadn/OneDrive/Python_bakup/dernSol/copy_specific_files_1_codes.txt' (16,702)
2024-07-17 05:35:44: Nouvelle Copie 'H:/dernSol/db_OK.sqlite3' -> 'C:/Users/roadn/OneDrive/Python_bakup/dernSol/db_OK.sqlite3' (196,608)
2024-07-17 05:35:44: Ecrasement 'H:/dernSol/db.sqlite3' -> 'C:/Users/roadn/OneDrive/Python_bakup/dernSol/db.sqlite3' (212,992)
2024-07-17 05:35:44: Nouvelle Copie 'H:/dernSol/db.sqlite3.sql' -> 'C:/Users/roadn/OneDrive/Python_bakup/dernSol/db.sqlite3.sql' (17,630)
2024-07-17 05:35:44: Nouvelle Copie 'H:/dernSol/media/articles/image_viber_2024-06-29_10-03-17-464_NUuv3lp.jpg' -> 'C:/Users/roadn/OneDrive/Python_bakup/dernSol/media/articles/image_viber_2024-06-29_10-03-17-464_NUuv3lp.jpg' (234,169)
2024-07-17 05:35:44: Nouvelle Copie 'H:/dernSol/media/articles/image_viber_2024-06-29_10-03-17-464_q6QLsSB.jpg' -> 'C:/Users/roadn/OneDrive/Python_bakup/dernSol/media/articles/image_viber_2024-06-29_10-03-17-464_q6QLsSB.jpg' (234,169)
2024-07-17 05:35:44: Ecrasement 'H:/dernSol/dernSol/__pycache__/settings.cpython-312.pyc' -> 'C:/Users/roadn/OneDrive/Python_bakup/dernSol/dernSol/__pycache__/settings.cpython-312.pyc' (3,020)
2024-07-17 05:35:44: Nouvelle Copie 'H:/dernSol/media/articles/logo_rctint_04.png' -> 'C:/Users/roadn/OneDrive/Python_bakup/dernSol/media/articles/logo_rctint_04.png' (36,673)
2024-07-17 05:35:44: Nouvelle Copie 'H:/dernSol/media/articles/TSVG9182.JPG' -> 'C:/Users/roadn/OneDrive/Python_bakup/dernSol/media/articles/TSVG9182.JPG' (203,014)
2024-07-17 05:35:44: Ecrasement 'H:/dernSol/dernSol/__pycache__/urls.cpython-312.pyc' -> 'C:/Users/roadn/OneDrive/Python_bakup/dernSol/dernSol/__pycache__/urls.cpython-312.pyc' (1,394)
2024-07-17 05:35:44: Ecrasement 'H:/dernSol/dernSol/settings.py' -> 'C:/Users/roadn/OneDrive/Python_bakup/dernSol/dernSol/settings.py' (5,085)
2024-07-17 05:35:44: Nouvelle Copie 'H:/dernSol/dernSol/urls_Orig.py' -> 'C:/Users/roadn/OneDrive/Python_bakup/dernSol/dernSol/urls_Orig.py' (1,196)
2024-07-17 05:35:44: Ecrasement 'H:/dernSol/dernSol/urls.py' -> 'C:/Users/roadn/OneDrive/Python_bakup/dernSol/dernSol/urls.py' (1,043)
2024-07-17 05:35:44: Ecrasement 'H:/dernSol/scripts/export_articles_to_excel.py' -> 'C:/Users/roadn/OneDrive/Python_bakup/dernSol/scripts/export_articles_to_excel.py' (1,170)
2024-07-17 05:35:44: Close Modified Folder (mod-time, acl): /01_Archiv_dernSol/Modèle CustomUser
2024-07-17 05:35:44: Close Modified Folder (mod-time, acl): /.venv/Lib/site-packages/django/contrib/auth/__pycache__
2024-07-17 05:35:44: Nouvelle Copie 'H:/dernSol/scripts/create_user_table.py' -> 'C:/Users/roadn/OneDrive/Python_bakup/dernSol/scripts/create_user_table.py' (1,306)
2024-07-17 05:35:44: Suppression du fichier C:/Users/roadn/OneDrive/Python_bakup/dernSol/templates/registration/login.html
2024-07-17 05:35:44: Close Modified Folder (mod-time, acl): /.venv/Lib/site-packages/django/db/models/fields/__pycache__
2024-07-17 05:35:44: Close Modified Folder (mod-time, acl): /01_Archiv_dernSol/pwsh
2024-07-17 05:35:44: Close Modified Folder (mod-time, acl): /.git/objects/02
2024-07-17 05:35:44: Close Modified Folder (mod-time, acl): /.idea
2024-07-17 05:35:44: Close Modified Folder (mod-time, acl): /accounts/__pycache__
2024-07-17 05:35:44: Nouvelle Copie 'H:/dernSol/templates/registration/login_Orig.html' -> 'C:/Users/roadn/OneDrive/Python_bakup/dernSol/templates/registration/login_Orig.html' (837)
2024-07-17 05:35:44: Close Modified Folder (mod-time, acl): /accounts/templates/accounts
2024-07-17 05:35:44: Close Modified Folder (mod-time, acl): /accounts/migrations/__pycache__
2024-07-17 05:35:44: Close Modified Folder (mod-time, acl): /.git/objects/0d
2024-07-17 05:35:44: Close Modified Folder (mod-time, acl): /.git/objects/15
2024-07-17 05:35:44: Close Modified Folder (mod-time, acl): /.git/objects/24
2024-07-17 05:35:44: Nouvelle Copie 'H:/dernSol/scripts/manage_users.py' -> 'C:/Users/roadn/OneDrive/Python_bakup/dernSol/scripts/manage_users.py' (1,940)
2024-07-17 05:35:44: Close Modified Folder (mod-time, acl): /.git/objects/1d
2024-07-17 05:35:44: Close Modified Folder (mod-time, acl): /.git/objects/2f
2024-07-17 05:35:44: Close Modified Folder (mod-time, acl): /.git/objects/38
2024-07-17 05:35:44: Close Modified Folder (mod-time, acl): /.git/objects/33
2024-07-17 05:35:44: Close Modified Folder (mod-time, acl): /.git/objects/3d
2024-07-17 05:35:44: Close Modified Folder (mod-time, acl): /.git/objects/3e
2024-07-17 05:35:44: Close Modified Folder (mod-time, acl): /.git/objects/3c
2024-07-17 05:35:44: Close Modified Folder (mod-time, acl): /.git/objects/43
2024-07-17 05:35:44: Close Modified Folder (mod-time, acl): /.git/objects/49
2024-07-17 05:35:44: Close Modified Folder (mod-time, acl): /.git/objects/60
2024-07-17 05:35:44: Close Modified Folder (mod-time, acl): /.git/objects/62
2024-07-17 05:35:44: Close Modified Folder (mod-time, acl): /.git/objects/4b
2024-07-17 05:35:44: Close Modified Folder (mod-time, acl): /.git/objects/63
2024-07-17 05:35:44: Close Modified Folder (mod-time, acl): /.git/objects/6d
2024-07-17 05:35:44: Close Modified Folder (mod-time, acl): /.git/objects/75
2024-07-17 05:35:44: Close Modified Folder (mod-time, acl): /.git/objects/71
2024-07-17 05:35:44: Close Modified Folder (mod-time, acl): /.git/objects/76
2024-07-17 05:35:44: Close Modified Folder (mod-time, acl): /.git/objects/7c
2024-07-17 05:35:44: Close Modified Folder (mod-time, acl): /.git/objects/8c
2024-07-17 05:35:44: Close Modified Folder (mod-time, acl): /.git/objects/91
2024-07-17 05:35:44: Close Modified Folder (mod-time, acl): /.git/objects/9b
2024-07-17 05:35:44: Close Modified Folder (mod-time, acl): /.git/objects/a1
2024-07-17 05:35:44: Close Modified Folder (mod-time, acl): /.git/objects/a3
2024-07-17 05:35:44: Close Modified Folder (mod-time, acl): /.git/objects/af
2024-07-17 05:35:44: Close Modified Folder (mod-time, acl): /.git/objects/bd
2024-07-17 05:35:44: Close Modified Folder (mod-time, acl): /.git/objects/be
2024-07-17 05:35:44: Close Modified Folder (mod-time, acl): /.git/objects/c3
2024-07-17 05:35:44: Close Modified Folder (mod-time, acl): /.git/objects/d7
2024-07-17 05:35:44: Close Modified Folder (mod-time, acl): /.git/objects/db
2024-07-17 05:35:44: Close Modified Folder (mod-time, acl): /.git/objects/e0
2024-07-17 05:35:44: Close Modified Folder (mod-time, acl): /.git/objects/f1
2024-07-17 05:35:44: Close Modified Folder (mod-time, acl): /.git/objects/ee
2024-07-17 05:35:44: Close Modified Folder (mod-time, acl): /.git/objects/e6
2024-07-17 05:35:44: Close Modified Folder (mod-time, acl): /.git/objects/f3
2024-07-17 05:35:44: Close Modified Folder (mod-time, acl): /chat/__pycache__
2024-07-17 05:35:44: Close Modified Folder (mod-time, acl): /chat/templates/chat
2024-07-17 05:35:44: Close Modified Folder (mod-time, acl): /chat/migrations/__pycache__
2024-07-17 05:35:44: Close Modified Folder (mod-time, acl): /chat/tests/__pycache__
2024-07-17 05:35:44: Close Modified Folder (mod-time, acl): /.git/objects/f9
2024-07-17 05:35:44: Close Modified Folder (mod-time, acl): /media/articles
2024-07-17 05:35:44: Close Modified Folder (mod-time, acl): /dernSol/__pycache__
2024-07-17 05:35:44: Close Modified Folder (mod-time, acl): /.venv/Lib/site-packages/django/contrib/auth
2024-07-17 05:35:44: Close Modified Folder (mod-time, acl): /.venv/Lib/site-packages/django/db/models/fields
2024-07-17 05:35:44: Close Modified Folder (mod-time, acl): /01_Archiv_dernSol
2024-07-17 05:35:44: Close Modified Folder (mod-time, acl): /templates/registration
2024-07-17 05:35:44: Close Modified Folder (mod-time, acl): /accounts/templates
2024-07-17 05:35:44: Close Modified Folder (mod-time, acl): /accounts/migrations
2024-07-17 05:35:44: Close Modified Folder (mod-time, acl): /scripts
2024-07-17 05:35:44: Close Modified Folder (mod-time, acl): /chat/migrations
2024-07-17 05:35:44: Close Modified Folder (mod-time, acl): /chat/tests
2024-07-17 05:35:44: Close Modified Folder (mod-time, acl): /.git/objects
2024-07-17 05:35:44: Close Modified Folder (mod-time, acl): /dernSol
2024-07-17 05:35:44: Close Modified Folder (mod-time, acl): /accounts
2024-07-17 05:35:44: Close Modified Folder (mod-time, acl): /chat
2024-07-17 05:35:44: Close Modified Folder (mod-time, acl): /.git
2024-07-17 05:35:44: Sauvegarde du fichier d'état H:/dernSol/_gsdata_/_file_state_v4._gs
2024-07-17 05:35:44: Sauvegarde du fichier d'état C:/Users/roadn/OneDrive/Python_bakup/dernSol/_gsdata_/_file_state_v4._gs
2024-07-17 05:35:45: == Sync Complete. Time: 00:00:02, Speed: 0.00/s, Elements synchronisés : 180, Erreurs : 0
